<?xml version="1.0" encoding="UTF-8" ?>
<testsuite tests="1" failures="0" name="org.myorg.testautomation.ScanflowTest" time="117.849" errors="1" skipped="0">
  <properties>
[...]
</properties>
  <testcase classname="org.myorg.testautomation.ScanflowTest" name="StandardTest" time="117.849">
    <error message="Test execution contains failures" type="org.graphwalker.java.test.TestExecutionException">org.graphwalker.java.test.TestExecutionException: Test execution contains failures
	at org.graphwalker.java.test.TestExecutor.execute(TestExecutor.java:209)
	at org.graphwalker.java.test.TestBuilder.execute(TestBuilder.java:142)
	at org.graphwalker.java.test.TestBuilder.execute(TestBuilder.java:149)
	at org.myorg.testautomation.ScanflowTest.StandardTest(ScanflowTest.java:215)
	at sun.reflect.NativeMethodAccessorImpl.invoke0(Native Method)
	at sun.reflect.NativeMethodAccessorImpl.invoke(NativeMethodAccessorImpl.java:62)
	at sun.reflect.DelegatingMethodAccessorImpl.invoke(DelegatingMethodAccessorImpl.java:43)
	at java.lang.reflect.Method.invoke(Method.java:483)
	at org.junit.runners.model.FrameworkMethod$1.runReflectiveCall(FrameworkMethod.java:47)
	at org.junit.internal.runners.model.ReflectiveCallable.run(ReflectiveCallable.java:12)
	at org.junit.runners.model.FrameworkMethod.invokeExplosively(FrameworkMethod.java:44)
	at org.junit.internal.runners.statements.InvokeMethod.evaluate(InvokeMethod.java:17)
	at org.junit.runners.ParentRunner.runLeaf(ParentRunner.java:271)
	at org.junit.runners.BlockJUnit4ClassRunner.runChild(BlockJUnit4ClassRunner.java:70)
	at org.junit.runners.BlockJUnit4ClassRunner.runChild(BlockJUnit4ClassRunner.java:50)
	at org.junit.runners.ParentRunner$3.run(ParentRunner.java:238)
	at org.junit.runners.ParentRunner$1.schedule(ParentRunner.java:63)
	at org.junit.runners.ParentRunner.runChildren(ParentRunner.java:236)
	at org.junit.runners.ParentRunner.access$000(ParentRunner.java:53)
	at org.junit.runners.ParentRunner$2.evaluate(ParentRunner.java:229)
	at org.junit.runners.ParentRunner.run(ParentRunner.java:309)
	at org.apache.maven.surefire.junit4.JUnit4Provider.execute(JUnit4Provider.java:252)
	at org.apache.maven.surefire.junit4.JUnit4Provider.executeTestSet(JUnit4Provider.java:141)
	at org.apache.maven.surefire.junit4.JUnit4Provider.invoke(JUnit4Provider.java:112)
	at sun.reflect.NativeMethodAccessorImpl.invoke0(Native Method)
	at sun.reflect.NativeMethodAccessorImpl.invoke(NativeMethodAccessorImpl.java:62)
	at sun.reflect.DelegatingMethodAccessorImpl.invoke(DelegatingMethodAccessorImpl.java:43)
	at java.lang.reflect.Method.invoke(Method.java:483)
	at org.apache.maven.surefire.util.ReflectionUtils.invokeMethodWithArray(ReflectionUtils.java:189)
	at org.apache.maven.surefire.booter.ProviderFactory$ProviderProxy.invoke(ProviderFactory.java:165)
	at org.apache.maven.surefire.booter.ProviderFactory.invokeProvider(ProviderFactory.java:85)
	at org.apache.maven.surefire.booter.ForkedBooter.runSuitesInProcess(ForkedBooter.java:115)
	at org.apache.maven.surefire.booter.ForkedBooter.main(ForkedBooter.java:75)
</error>
    <system-out>14:25:57.145 [main] DEBUG o.g.core.machine.SimpleMachine - Context: org.myorg.testautomation.ScanflowTest@33ce57f4
14:25:57.147 [main] DEBUG o.g.core.machine.ExecutionContext - Execute Disconnected
14:25:57.203 [main] DEBUG o.g.core.machine.SimpleMachine - Context: org.myorg.testautomation.ScanflowTest@33ce57f4
14:25:57.204 [main] DEBUG o.g.core.machine.ExecutionContext - Execute state=Not_Signed;
14:25:57.207 [main] DEBUG o.g.core.machine.ExecutionContext - Execute connect
14:25:58.292 [main] DEBUG o.g.core.machine.SimpleMachine - Context: org.myorg.testautomation.ScanflowTest@33ce57f4
14:25:58.292 [main] DEBUG o.g.core.machine.ExecutionContext - Execute Not_Signed
14:25:58.298 [main] DEBUG o.g.core.machine.SimpleMachine - Context: org.myorg.testautomation.ScanflowTest@33ce57f4
14:25:58.298 [main] DEBUG o.g.core.machine.ExecutionContext - Execute org.graphwalker.core.model.Guard@4f6f13f0 state==AS_Idle
14:25:58.323 [main] DEBUG o.g.core.machine.ExecutionContext - Execute org.graphwalker.core.model.Guard@2e9ab0b3 state==AS_Ending
14:25:58.327 [main] DEBUG o.g.core.machine.ExecutionContext - Execute org.graphwalker.core.model.Guard@6b283550 state==AS_Closed
14:25:58.331 [main] DEBUG o.g.core.machine.ExecutionContext - Execute org.graphwalker.core.model.Guard@2460c928 state==Not_Signed
14:25:58.336 [main] DEBUG o.g.core.machine.ExecutionContext - Execute org.graphwalker.core.model.Guard@13a7aec7 state==AS_Open
14:25:58.340 [main] DEBUG o.g.core.machine.ExecutionContext - Execute invalid_sign_on
signon 7:81

[551 Authentication failed]
14:25:58.864 [main] DEBUG o.g.core.machine.SimpleMachine - Context: org.myorg.testautomation.ScanflowTest@33ce57f4
14:25:58.864 [main] DEBUG o.g.core.machine.ExecutionContext - Execute Not_Signed
14:25:58.865 [main] DEBUG o.g.core.machine.SimpleMachine - Context: org.myorg.testautomation.ScanflowTest@33ce57f4
14:25:58.865 [main] DEBUG o.g.core.machine.ExecutionContext - Execute org.graphwalker.core.model.Guard@4f6f13f0 state==AS_Idle
14:25:58.866 [main] DEBUG o.g.core.machine.ExecutionContext - Execute org.graphwalker.core.model.Guard@2e9ab0b3 state==AS_Ending
14:25:58.866 [main] DEBUG o.g.core.machine.ExecutionContext - Execute org.graphwalker.core.model.Guard@6b283550 state==AS_Closed
14:25:58.866 [main] DEBUG o.g.core.machine.ExecutionContext - Execute org.graphwalker.core.model.Guard@2460c928 state==Not_Signed
14:25:58.866 [main] DEBUG o.g.core.machine.ExecutionContext - Execute org.graphwalker.core.model.Guard@13a7aec7 state==AS_Open
14:25:58.867 [main] DEBUG o.g.core.machine.ExecutionContext - Execute invalid_art_id
artid -1

[550 Not signed on]
14:25:59.390 [main] DEBUG o.g.core.machine.SimpleMachine - Context: org.myorg.testautomation.ScanflowTest@33ce57f4
14:25:59.390 [main] DEBUG o.g.core.machine.ExecutionContext - Execute Not_Signed
14:25:59.391 [main] DEBUG o.g.core.machine.SimpleMachine - Context: org.myorg.testautomation.ScanflowTest@33ce57f4
14:25:59.391 [main] DEBUG o.g.core.machine.ExecutionContext - Execute org.graphwalker.core.model.Guard@4f6f13f0 state==AS_Idle
14:25:59.392 [main] DEBUG o.g.core.machine.ExecutionContext - Execute org.graphwalker.core.model.Guard@2e9ab0b3 state==AS_Ending
14:25:59.392 [main] DEBUG o.g.core.machine.ExecutionContext - Execute org.graphwalker.core.model.Guard@6b283550 state==AS_Closed
14:25:59.393 [main] DEBUG o.g.core.machine.ExecutionContext - Execute org.graphwalker.core.model.Guard@2460c928 state==Not_Signed
14:25:59.394 [main] DEBUG o.g.core.machine.ExecutionContext - Execute org.graphwalker.core.model.Guard@13a7aec7 state==AS_Open
14:25:59.394 [main] DEBUG o.g.core.machine.ExecutionContext - Execute invalid_art_id
artid 12313

[550 Not signed on]
14:25:59.913 [main] DEBUG o.g.core.machine.SimpleMachine - Context: org.myorg.testautomation.ScanflowTest@33ce57f4
14:25:59.913 [main] DEBUG o.g.core.machine.ExecutionContext - Execute Not_Signed
14:25:59.914 [main] DEBUG o.g.core.machine.SimpleMachine - Context: org.myorg.testautomation.ScanflowTest@33ce57f4
14:25:59.914 [main] DEBUG o.g.core.machine.ExecutionContext - Execute org.graphwalker.core.model.Guard@4f6f13f0 state==AS_Idle
14:25:59.915 [main] DEBUG o.g.core.machine.ExecutionContext - Execute org.graphwalker.core.model.Guard@2e9ab0b3 state==AS_Ending
14:25:59.915 [main] DEBUG o.g.core.machine.ExecutionContext - Execute org.graphwalker.core.model.Guard@6b283550 state==AS_Closed
14:25:59.915 [main] DEBUG o.g.core.machine.ExecutionContext - Execute org.graphwalker.core.model.Guard@2460c928 state==Not_Signed
14:25:59.915 [main] DEBUG o.g.core.machine.ExecutionContext - Execute org.graphwalker.core.model.Guard@13a7aec7 state==AS_Open
14:25:59.916 [main] DEBUG o.g.core.machine.ExecutionContext - Execute valid_get
get LC_CNTRY

[210 LC_CNTRY:NL]
14:26:00.442 [main] DEBUG o.g.core.machine.SimpleMachine - Context: org.myorg.testautomation.ScanflowTest@33ce57f4
14:26:00.442 [main] DEBUG o.g.core.machine.ExecutionContext - Execute Not_Signed
14:26:00.443 [main] DEBUG o.g.core.machine.SimpleMachine - Context: org.myorg.testautomation.ScanflowTest@33ce57f4
14:26:00.444 [main] DEBUG o.g.core.machine.ExecutionContext - Execute org.graphwalker.core.model.Guard@4f6f13f0 state==AS_Idle
14:26:00.444 [main] DEBUG o.g.core.machine.ExecutionContext - Execute org.graphwalker.core.model.Guard@2e9ab0b3 state==AS_Ending
14:26:00.444 [main] DEBUG o.g.core.machine.ExecutionContext - Execute org.graphwalker.core.model.Guard@6b283550 state==AS_Closed
14:26:00.444 [main] DEBUG o.g.core.machine.ExecutionContext - Execute org.graphwalker.core.model.Guard@2460c928 state==Not_Signed
14:26:00.445 [main] DEBUG o.g.core.machine.ExecutionContext - Execute org.graphwalker.core.model.Guard@13a7aec7 state==AS_Open
14:26:00.445 [main] DEBUG o.g.core.machine.ExecutionContext - Execute invalid_sign_off
signoff

[550 Not signed on]
14:26:00.968 [main] DEBUG o.g.core.machine.SimpleMachine - Context: org.myorg.testautomation.ScanflowTest@33ce57f4
14:26:00.968 [main] DEBUG o.g.core.machine.ExecutionContext - Execute Not_Signed
14:26:00.969 [main] DEBUG o.g.core.machine.SimpleMachine - Context: org.myorg.testautomation.ScanflowTest@33ce57f4
14:26:00.969 [main] DEBUG o.g.core.machine.ExecutionContext - Execute org.graphwalker.core.model.Guard@4f6f13f0 state==AS_Idle
14:26:00.969 [main] DEBUG o.g.core.machine.ExecutionContext - Execute org.graphwalker.core.model.Guard@2e9ab0b3 state==AS_Ending
14:26:00.969 [main] DEBUG o.g.core.machine.ExecutionContext - Execute org.graphwalker.core.model.Guard@6b283550 state==AS_Closed
14:26:00.970 [main] DEBUG o.g.core.machine.ExecutionContext - Execute org.graphwalker.core.model.Guard@2460c928 state==Not_Signed
14:26:00.970 [main] DEBUG o.g.core.machine.ExecutionContext - Execute org.graphwalker.core.model.Guard@13a7aec7 state==AS_Open
14:26:00.970 [main] DEBUG o.g.core.machine.ExecutionContext - Execute valid_art_id
artid 59922827

[550 Not signed on]
14:26:01.493 [main] DEBUG o.g.core.machine.SimpleMachine - Context: org.myorg.testautomation.ScanflowTest@33ce57f4
14:26:01.493 [main] DEBUG o.g.core.machine.ExecutionContext - Execute Not_Signed
14:26:01.494 [main] DEBUG o.g.core.machine.SimpleMachine - Context: org.myorg.testautomation.ScanflowTest@33ce57f4
14:26:01.494 [main] DEBUG o.g.core.machine.ExecutionContext - Execute org.graphwalker.core.model.Guard@4f6f13f0 state==AS_Idle
14:26:01.494 [main] DEBUG o.g.core.machine.ExecutionContext - Execute org.graphwalker.core.model.Guard@2e9ab0b3 state==AS_Ending
14:26:01.495 [main] DEBUG o.g.core.machine.ExecutionContext - Execute org.graphwalker.core.model.Guard@6b283550 state==AS_Closed
14:26:01.495 [main] DEBUG o.g.core.machine.ExecutionContext - Execute org.graphwalker.core.model.Guard@2460c928 state==Not_Signed
14:26:01.495 [main] DEBUG o.g.core.machine.ExecutionContext - Execute org.graphwalker.core.model.Guard@13a7aec7 state==AS_Open
14:26:01.496 [main] DEBUG o.g.core.machine.ExecutionContext - Execute invalid_sign_off
signoff

[550 Not signed on]
14:26:02.014 [main] DEBUG o.g.core.machine.SimpleMachine - Context: org.myorg.testautomation.ScanflowTest@33ce57f4
14:26:02.014 [main] DEBUG o.g.core.machine.ExecutionContext - Execute Not_Signed
14:26:02.015 [main] DEBUG o.g.core.machine.SimpleMachine - Context: org.myorg.testautomation.ScanflowTest@33ce57f4
14:26:02.015 [main] DEBUG o.g.core.machine.ExecutionContext - Execute org.graphwalker.core.model.Guard@4f6f13f0 state==AS_Idle
14:26:02.016 [main] DEBUG o.g.core.machine.ExecutionContext - Execute org.graphwalker.core.model.Guard@2e9ab0b3 state==AS_Ending
14:26:02.016 [main] DEBUG o.g.core.machine.ExecutionContext - Execute org.graphwalker.core.model.Guard@6b283550 state==AS_Closed
14:26:02.016 [main] DEBUG o.g.core.machine.ExecutionContext - Execute org.graphwalker.core.model.Guard@2460c928 state==Not_Signed
14:26:02.016 [main] DEBUG o.g.core.machine.ExecutionContext - Execute org.graphwalker.core.model.Guard@13a7aec7 state==AS_Open
14:26:02.017 [main] DEBUG o.g.core.machine.ExecutionContext - Execute valid_art_id
artid 59922827

[550 Not signed on]
14:26:02.535 [main] DEBUG o.g.core.machine.SimpleMachine - Context: org.myorg.testautomation.ScanflowTest@33ce57f4
14:26:02.535 [main] DEBUG o.g.core.machine.ExecutionContext - Execute Not_Signed
14:26:02.536 [main] DEBUG o.g.core.machine.SimpleMachine - Context: org.myorg.testautomation.ScanflowTest@33ce57f4
14:26:02.536 [main] DEBUG o.g.core.machine.ExecutionContext - Execute org.graphwalker.core.model.Guard@4f6f13f0 state==AS_Idle
14:26:02.537 [main] DEBUG o.g.core.machine.ExecutionContext - Execute org.graphwalker.core.model.Guard@2e9ab0b3 state==AS_Ending
14:26:02.537 [main] DEBUG o.g.core.machine.ExecutionContext - Execute org.graphwalker.core.model.Guard@6b283550 state==AS_Closed
14:26:02.537 [main] DEBUG o.g.core.machine.ExecutionContext - Execute org.graphwalker.core.model.Guard@2460c928 state==Not_Signed
14:26:02.537 [main] DEBUG o.g.core.machine.ExecutionContext - Execute org.graphwalker.core.model.Guard@13a7aec7 state==AS_Open
14:26:02.538 [main] DEBUG o.g.core.machine.ExecutionContext - Execute valid_get
get MS_SRBC

[210 MS_SRBC:0]
14:26:03.057 [main] DEBUG o.g.core.machine.SimpleMachine - Context: org.myorg.testautomation.ScanflowTest@33ce57f4
14:26:03.057 [main] DEBUG o.g.core.machine.ExecutionContext - Execute Not_Signed
14:26:03.058 [main] DEBUG o.g.core.machine.SimpleMachine - Context: org.myorg.testautomation.ScanflowTest@33ce57f4
14:26:03.058 [main] DEBUG o.g.core.machine.ExecutionContext - Execute org.graphwalker.core.model.Guard@4f6f13f0 state==AS_Idle
14:26:03.058 [main] DEBUG o.g.core.machine.ExecutionContext - Execute org.graphwalker.core.model.Guard@2e9ab0b3 state==AS_Ending
14:26:03.058 [main] DEBUG o.g.core.machine.ExecutionContext - Execute org.graphwalker.core.model.Guard@6b283550 state==AS_Closed
14:26:03.058 [main] DEBUG o.g.core.machine.ExecutionContext - Execute org.graphwalker.core.model.Guard@2460c928 state==Not_Signed
14:26:03.059 [main] DEBUG o.g.core.machine.ExecutionContext - Execute org.graphwalker.core.model.Guard@13a7aec7 state==AS_Open
14:26:03.059 [main] DEBUG o.g.core.machine.ExecutionContext - Execute valid_art_id
artid 20013226

[550 Not signed on]
14:26:03.577 [main] DEBUG o.g.core.machine.SimpleMachine - Context: org.myorg.testautomation.ScanflowTest@33ce57f4
14:26:03.578 [main] DEBUG o.g.core.machine.ExecutionContext - Execute Not_Signed
14:26:03.578 [main] DEBUG o.g.core.machine.SimpleMachine - Context: org.myorg.testautomation.ScanflowTest@33ce57f4
14:26:03.578 [main] DEBUG o.g.core.machine.ExecutionContext - Execute org.graphwalker.core.model.Guard@4f6f13f0 state==AS_Idle
14:26:03.579 [main] DEBUG o.g.core.machine.ExecutionContext - Execute org.graphwalker.core.model.Guard@2e9ab0b3 state==AS_Ending
14:26:03.579 [main] DEBUG o.g.core.machine.ExecutionContext - Execute org.graphwalker.core.model.Guard@6b283550 state==AS_Closed
14:26:03.579 [main] DEBUG o.g.core.machine.ExecutionContext - Execute org.graphwalker.core.model.Guard@2460c928 state==Not_Signed
14:26:03.579 [main] DEBUG o.g.core.machine.ExecutionContext - Execute org.graphwalker.core.model.Guard@13a7aec7 state==AS_Open
14:26:03.580 [main] DEBUG o.g.core.machine.ExecutionContext - Execute invalid_sign_off
signoff

[550 Not signed on]
14:26:04.098 [main] DEBUG o.g.core.machine.SimpleMachine - Context: org.myorg.testautomation.ScanflowTest@33ce57f4
14:26:04.098 [main] DEBUG o.g.core.machine.ExecutionContext - Execute Not_Signed
14:26:04.099 [main] DEBUG o.g.core.machine.SimpleMachine - Context: org.myorg.testautomation.ScanflowTest@33ce57f4
14:26:04.099 [main] DEBUG o.g.core.machine.ExecutionContext - Execute org.graphwalker.core.model.Guard@4f6f13f0 state==AS_Idle
14:26:04.100 [main] DEBUG o.g.core.machine.ExecutionContext - Execute org.graphwalker.core.model.Guard@2e9ab0b3 state==AS_Ending
14:26:04.100 [main] DEBUG o.g.core.machine.ExecutionContext - Execute org.graphwalker.core.model.Guard@6b283550 state==AS_Closed
14:26:04.100 [main] DEBUG o.g.core.machine.ExecutionContext - Execute org.graphwalker.core.model.Guard@2460c928 state==Not_Signed
14:26:04.100 [main] DEBUG o.g.core.machine.ExecutionContext - Execute org.graphwalker.core.model.Guard@13a7aec7 state==AS_Open
14:26:04.100 [main] DEBUG o.g.core.machine.ExecutionContext - Execute invalid_art_id
artid 12313

[550 Not signed on]
14:26:04.619 [main] DEBUG o.g.core.machine.SimpleMachine - Context: org.myorg.testautomation.ScanflowTest@33ce57f4
14:26:04.619 [main] DEBUG o.g.core.machine.ExecutionContext - Execute Not_Signed
14:26:04.620 [main] DEBUG o.g.core.machine.SimpleMachine - Context: org.myorg.testautomation.ScanflowTest@33ce57f4
14:26:04.620 [main] DEBUG o.g.core.machine.ExecutionContext - Execute org.graphwalker.core.model.Guard@4f6f13f0 state==AS_Idle
14:26:04.620 [main] DEBUG o.g.core.machine.ExecutionContext - Execute org.graphwalker.core.model.Guard@2e9ab0b3 state==AS_Ending
14:26:04.621 [main] DEBUG o.g.core.machine.ExecutionContext - Execute org.graphwalker.core.model.Guard@6b283550 state==AS_Closed
14:26:04.621 [main] DEBUG o.g.core.machine.ExecutionContext - Execute org.graphwalker.core.model.Guard@2460c928 state==Not_Signed
14:26:04.621 [main] DEBUG o.g.core.machine.ExecutionContext - Execute org.graphwalker.core.model.Guard@13a7aec7 state==AS_Open
14:26:04.621 [main] DEBUG o.g.core.machine.ExecutionContext - Execute invalid_get
get Invalid

[510 No such variable]
14:26:05.145 [main] DEBUG o.g.core.machine.SimpleMachine - Context: org.myorg.testautomation.ScanflowTest@33ce57f4
14:26:05.145 [main] DEBUG o.g.core.machine.ExecutionContext - Execute Not_Signed
14:26:05.146 [main] DEBUG o.g.core.machine.SimpleMachine - Context: org.myorg.testautomation.ScanflowTest@33ce57f4
14:26:05.146 [main] DEBUG o.g.core.machine.ExecutionContext - Execute org.graphwalker.core.model.Guard@4f6f13f0 state==AS_Idle
14:26:05.146 [main] DEBUG o.g.core.machine.ExecutionContext - Execute org.graphwalker.core.model.Guard@2e9ab0b3 state==AS_Ending
14:26:05.146 [main] DEBUG o.g.core.machine.ExecutionContext - Execute org.graphwalker.core.model.Guard@6b283550 state==AS_Closed
14:26:05.146 [main] DEBUG o.g.core.machine.ExecutionContext - Execute org.graphwalker.core.model.Guard@2460c928 state==Not_Signed
14:26:05.147 [main] DEBUG o.g.core.machine.ExecutionContext - Execute org.graphwalker.core.model.Guard@13a7aec7 state==AS_Open
14:26:05.147 [main] DEBUG o.g.core.machine.ExecutionContext - Execute valid_sign_on
signon 8:01

[251 Signed On]
14:26:05.671 [main] DEBUG o.g.core.machine.SimpleMachine - Context: org.myorg.testautomation.ScanflowTest@33ce57f4
14:26:05.671 [main] DEBUG o.g.core.machine.ExecutionContext - Execute AS_Idle
14:26:05.677 [main] DEBUG o.g.core.machine.SimpleMachine - Context: org.myorg.testautomation.ScanflowTest@33ce57f4
14:26:05.677 [main] DEBUG o.g.core.machine.ExecutionContext - Execute valid_get
get LC_WEIGHT

[210 LC_WEIGHT:GR]
14:26:06.195 [main] DEBUG o.g.core.machine.SimpleMachine - Context: org.myorg.testautomation.ScanflowTest@33ce57f4
14:26:06.196 [main] DEBUG o.g.core.machine.ExecutionContext - Execute AS_Idle
14:26:06.197 [main] DEBUG o.g.core.machine.SimpleMachine - Context: org.myorg.testautomation.ScanflowTest@33ce57f4
14:26:06.197 [main] DEBUG o.g.core.machine.ExecutionContext - Execute valid_art_id
artid 5998386301215

[213 desc=&quot;Citrom izu szorp&quot; price=1,49]
14:26:06.715 [main] DEBUG o.g.core.machine.SimpleMachine - Context: org.myorg.testautomation.ScanflowTest@33ce57f4
14:26:06.715 [main] DEBUG o.g.core.machine.ExecutionContext - Execute AS_Idle
14:26:06.716 [main] DEBUG o.g.core.machine.SimpleMachine - Context: org.myorg.testautomation.ScanflowTest@33ce57f4
14:26:06.716 [main] DEBUG o.g.core.machine.ExecutionContext - Execute invalid_get
get SI_SOFTWWWW

[510 No such variable]
14:26:07.234 [main] DEBUG o.g.core.machine.SimpleMachine - Context: org.myorg.testautomation.ScanflowTest@33ce57f4
14:26:07.235 [main] DEBUG o.g.core.machine.ExecutionContext - Execute AS_Idle
14:26:07.235 [main] DEBUG o.g.core.machine.SimpleMachine - Context: org.myorg.testautomation.ScanflowTest@33ce57f4
14:26:07.236 [main] DEBUG o.g.core.machine.ExecutionContext - Execute valid_art_id
artid 5998386301215

[213 desc=&quot;Citrom izu szorp&quot; price=1,49]
14:26:07.754 [main] DEBUG o.g.core.machine.SimpleMachine - Context: org.myorg.testautomation.ScanflowTest@33ce57f4
14:26:07.754 [main] DEBUG o.g.core.machine.ExecutionContext - Execute AS_Idle
14:26:07.755 [main] DEBUG o.g.core.machine.SimpleMachine - Context: org.myorg.testautomation.ScanflowTest@33ce57f4
14:26:07.755 [main] DEBUG o.g.core.machine.ExecutionContext - Execute state=AS_Idle;
14:26:07.758 [main] DEBUG o.g.core.machine.ExecutionContext - Execute valid_sign_off
signoff

[250 Signed Off]
14:26:08.280 [main] DEBUG o.g.core.machine.SimpleMachine - Context: org.myorg.testautomation.ScanflowTest@33ce57f4
14:26:08.280 [main] DEBUG o.g.core.machine.ExecutionContext - Execute Not_Signed
14:26:08.281 [main] DEBUG o.g.core.machine.SimpleMachine - Context: org.myorg.testautomation.ScanflowTest@33ce57f4
14:26:08.281 [main] DEBUG o.g.core.machine.ExecutionContext - Execute org.graphwalker.core.model.Guard@4f6f13f0 state==AS_Idle
14:26:08.281 [main] DEBUG o.g.core.machine.ExecutionContext - Execute org.graphwalker.core.model.Guard@2e9ab0b3 state==AS_Ending
14:26:08.281 [main] DEBUG o.g.core.machine.ExecutionContext - Execute org.graphwalker.core.model.Guard@6b283550 state==AS_Closed
14:26:08.282 [main] DEBUG o.g.core.machine.ExecutionContext - Execute org.graphwalker.core.model.Guard@2460c928 state==Not_Signed
14:26:08.282 [main] DEBUG o.g.core.machine.ExecutionContext - Execute org.graphwalker.core.model.Guard@13a7aec7 state==AS_Open
14:26:08.282 [main] DEBUG o.g.core.machine.ExecutionContext - Execute invalid_art_id
artid 22

[550 Not signed on]
14:26:08.801 [main] DEBUG o.g.core.machine.SimpleMachine - Context: org.myorg.testautomation.ScanflowTest@33ce57f4
14:26:08.801 [main] DEBUG o.g.core.machine.ExecutionContext - Execute Not_Signed
14:26:08.801 [main] DEBUG o.g.core.machine.SimpleMachine - Context: org.myorg.testautomation.ScanflowTest@33ce57f4
14:26:08.802 [main] DEBUG o.g.core.machine.ExecutionContext - Execute org.graphwalker.core.model.Guard@4f6f13f0 state==AS_Idle
14:26:08.802 [main] DEBUG o.g.core.machine.ExecutionContext - Execute org.graphwalker.core.model.Guard@2e9ab0b3 state==AS_Ending
14:26:08.802 [main] DEBUG o.g.core.machine.ExecutionContext - Execute org.graphwalker.core.model.Guard@6b283550 state==AS_Closed
14:26:08.802 [main] DEBUG o.g.core.machine.ExecutionContext - Execute org.graphwalker.core.model.Guard@2460c928 state==Not_Signed
14:26:08.802 [main] DEBUG o.g.core.machine.ExecutionContext - Execute org.graphwalker.core.model.Guard@13a7aec7 state==AS_Open
14:26:08.803 [main] DEBUG o.g.core.machine.ExecutionContext - Execute invalid_art_id
artid 22

[550 Not signed on]
14:26:09.321 [main] DEBUG o.g.core.machine.SimpleMachine - Context: org.myorg.testautomation.ScanflowTest@33ce57f4
14:26:09.321 [main] DEBUG o.g.core.machine.ExecutionContext - Execute Not_Signed
14:26:09.322 [main] DEBUG o.g.core.machine.SimpleMachine - Context: org.myorg.testautomation.ScanflowTest@33ce57f4
14:26:09.322 [main] DEBUG o.g.core.machine.ExecutionContext - Execute org.graphwalker.core.model.Guard@4f6f13f0 state==AS_Idle
14:26:09.322 [main] DEBUG o.g.core.machine.ExecutionContext - Execute org.graphwalker.core.model.Guard@2e9ab0b3 state==AS_Ending
14:26:09.322 [main] DEBUG o.g.core.machine.ExecutionContext - Execute org.graphwalker.core.model.Guard@6b283550 state==AS_Closed
14:26:09.322 [main] DEBUG o.g.core.machine.ExecutionContext - Execute org.graphwalker.core.model.Guard@2460c928 state==Not_Signed
14:26:09.323 [main] DEBUG o.g.core.machine.ExecutionContext - Execute org.graphwalker.core.model.Guard@13a7aec7 state==AS_Open
14:26:09.323 [main] DEBUG o.g.core.machine.ExecutionContext - Execute valid_art_id
artid 20013226

[550 Not signed on]
14:26:09.841 [main] DEBUG o.g.core.machine.SimpleMachine - Context: org.myorg.testautomation.ScanflowTest@33ce57f4
14:26:09.841 [main] DEBUG o.g.core.machine.ExecutionContext - Execute Not_Signed
14:26:09.842 [main] DEBUG o.g.core.machine.SimpleMachine - Context: org.myorg.testautomation.ScanflowTest@33ce57f4
14:26:09.842 [main] DEBUG o.g.core.machine.ExecutionContext - Execute org.graphwalker.core.model.Guard@4f6f13f0 state==AS_Idle
14:26:09.842 [main] DEBUG o.g.core.machine.ExecutionContext - Execute org.graphwalker.core.model.Guard@2e9ab0b3 state==AS_Ending
14:26:09.843 [main] DEBUG o.g.core.machine.ExecutionContext - Execute org.graphwalker.core.model.Guard@6b283550 state==AS_Closed
14:26:09.843 [main] DEBUG o.g.core.machine.ExecutionContext - Execute org.graphwalker.core.model.Guard@2460c928 state==Not_Signed
14:26:09.843 [main] DEBUG o.g.core.machine.ExecutionContext - Execute org.graphwalker.core.model.Guard@13a7aec7 state==AS_Open
14:26:09.843 [main] DEBUG o.g.core.machine.ExecutionContext - Execute valid_sign_on
signon 8:01

[251 Signed On]
14:26:10.362 [main] DEBUG o.g.core.machine.SimpleMachine - Context: org.myorg.testautomation.ScanflowTest@33ce57f4
14:26:10.362 [main] DEBUG o.g.core.machine.ExecutionContext - Execute AS_Idle
14:26:10.363 [main] DEBUG o.g.core.machine.SimpleMachine - Context: org.myorg.testautomation.ScanflowTest@33ce57f4
14:26:10.363 [main] DEBUG o.g.core.machine.ExecutionContext - Execute invalid_art_id
artid -1

[511 No such article]
14:26:10.881 [main] DEBUG o.g.core.machine.SimpleMachine - Context: org.myorg.testautomation.ScanflowTest@33ce57f4
14:26:10.881 [main] DEBUG o.g.core.machine.ExecutionContext - Execute AS_Idle
14:26:10.882 [main] DEBUG o.g.core.machine.SimpleMachine - Context: org.myorg.testautomation.ScanflowTest@33ce57f4
14:26:10.882 [main] DEBUG o.g.core.machine.ExecutionContext - Execute open_acc
open

[231 006072 Account opened]
14:26:11.405 [main] DEBUG o.g.core.machine.SimpleMachine - Context: org.myorg.testautomation.ScanflowTest@33ce57f4
14:26:11.405 [main] DEBUG o.g.core.machine.ExecutionContext - Execute AS_Open
14:26:11.409 [main] DEBUG o.g.core.machine.SimpleMachine - Context: org.myorg.testautomation.ScanflowTest@33ce57f4
14:26:11.409 [main] DEBUG o.g.core.machine.ExecutionContext - Execute close_acc
close

[230 0,00 Account closed]
14:26:11.931 [main] DEBUG o.g.core.machine.SimpleMachine - Context: org.myorg.testautomation.ScanflowTest@33ce57f4
14:26:11.932 [main] DEBUG o.g.core.machine.ExecutionContext - Execute AS_Closed
14:26:11.937 [main] DEBUG o.g.core.machine.SimpleMachine - Context: org.myorg.testautomation.ScanflowTest@33ce57f4
14:26:11.937 [main] DEBUG o.g.core.machine.ExecutionContext - Execute invalid_art_id
artid 22

[511 No such article]
14:26:12.456 [main] DEBUG o.g.core.machine.SimpleMachine - Context: org.myorg.testautomation.ScanflowTest@33ce57f4
14:26:12.456 [main] DEBUG o.g.core.machine.ExecutionContext - Execute AS_Closed
14:26:12.457 [main] DEBUG o.g.core.machine.SimpleMachine - Context: org.myorg.testautomation.ScanflowTest@33ce57f4
14:26:12.457 [main] DEBUG o.g.core.machine.ExecutionContext - Execute invalid_art_id
artid 12313

[511 No such article]
14:26:12.975 [main] DEBUG o.g.core.machine.SimpleMachine - Context: org.myorg.testautomation.ScanflowTest@33ce57f4
14:26:12.975 [main] DEBUG o.g.core.machine.ExecutionContext - Execute AS_Closed
14:26:12.976 [main] DEBUG o.g.core.machine.SimpleMachine - Context: org.myorg.testautomation.ScanflowTest@33ce57f4
14:26:12.976 [main] DEBUG o.g.core.machine.ExecutionContext - Execute invalid_art_id
artid 12313

[511 No such article]
14:26:13.495 [main] DEBUG o.g.core.machine.SimpleMachine - Context: org.myorg.testautomation.ScanflowTest@33ce57f4
14:26:13.495 [main] DEBUG o.g.core.machine.ExecutionContext - Execute AS_Closed
14:26:13.496 [main] DEBUG o.g.core.machine.SimpleMachine - Context: org.myorg.testautomation.ScanflowTest@33ce57f4
14:26:13.496 [main] DEBUG o.g.core.machine.ExecutionContext - Execute state=AS_Closed;
14:26:13.499 [main] DEBUG o.g.core.machine.ExecutionContext - Execute valid_sign_off
signoff

[250 Signed Off]
14:26:14.018 [main] DEBUG o.g.core.machine.SimpleMachine - Context: org.myorg.testautomation.ScanflowTest@33ce57f4
14:26:14.018 [main] DEBUG o.g.core.machine.ExecutionContext - Execute Not_Signed
14:26:14.019 [main] DEBUG o.g.core.machine.SimpleMachine - Context: org.myorg.testautomation.ScanflowTest@33ce57f4
14:26:14.019 [main] DEBUG o.g.core.machine.ExecutionContext - Execute org.graphwalker.core.model.Guard@4f6f13f0 state==AS_Idle
14:26:14.019 [main] DEBUG o.g.core.machine.ExecutionContext - Execute org.graphwalker.core.model.Guard@2e9ab0b3 state==AS_Ending
14:26:14.019 [main] DEBUG o.g.core.machine.ExecutionContext - Execute org.graphwalker.core.model.Guard@6b283550 state==AS_Closed
14:26:14.019 [main] DEBUG o.g.core.machine.ExecutionContext - Execute org.graphwalker.core.model.Guard@2460c928 state==Not_Signed
14:26:14.020 [main] DEBUG o.g.core.machine.ExecutionContext - Execute org.graphwalker.core.model.Guard@13a7aec7 state==AS_Open
14:26:14.020 [main] DEBUG o.g.core.machine.ExecutionContext - Execute invalid_sign_on
signon 7:81

[551 Authentication failed]
14:26:14.538 [main] DEBUG o.g.core.machine.SimpleMachine - Context: org.myorg.testautomation.ScanflowTest@33ce57f4
14:26:14.538 [main] DEBUG o.g.core.machine.ExecutionContext - Execute Not_Signed
14:26:14.539 [main] DEBUG o.g.core.machine.SimpleMachine - Context: org.myorg.testautomation.ScanflowTest@33ce57f4
14:26:14.539 [main] DEBUG o.g.core.machine.ExecutionContext - Execute org.graphwalker.core.model.Guard@4f6f13f0 state==AS_Idle
14:26:14.539 [main] DEBUG o.g.core.machine.ExecutionContext - Execute org.graphwalker.core.model.Guard@2e9ab0b3 state==AS_Ending
14:26:14.539 [main] DEBUG o.g.core.machine.ExecutionContext - Execute org.graphwalker.core.model.Guard@6b283550 state==AS_Closed
14:26:14.539 [main] DEBUG o.g.core.machine.ExecutionContext - Execute org.graphwalker.core.model.Guard@2460c928 state==Not_Signed
14:26:14.540 [main] DEBUG o.g.core.machine.ExecutionContext - Execute org.graphwalker.core.model.Guard@13a7aec7 state==AS_Open
14:26:14.540 [main] DEBUG o.g.core.machine.ExecutionContext - Execute invalid_sign_on
signon 7:81

[551 Authentication failed]
14:26:15.059 [main] DEBUG o.g.core.machine.SimpleMachine - Context: org.myorg.testautomation.ScanflowTest@33ce57f4
14:26:15.059 [main] DEBUG o.g.core.machine.ExecutionContext - Execute Not_Signed
14:26:15.059 [main] DEBUG o.g.core.machine.SimpleMachine - Context: org.myorg.testautomation.ScanflowTest@33ce57f4
14:26:15.059 [main] DEBUG o.g.core.machine.ExecutionContext - Execute org.graphwalker.core.model.Guard@4f6f13f0 state==AS_Idle
14:26:15.060 [main] DEBUG o.g.core.machine.ExecutionContext - Execute org.graphwalker.core.model.Guard@2e9ab0b3 state==AS_Ending
14:26:15.060 [main] DEBUG o.g.core.machine.ExecutionContext - Execute org.graphwalker.core.model.Guard@6b283550 state==AS_Closed
14:26:15.060 [main] DEBUG o.g.core.machine.ExecutionContext - Execute org.graphwalker.core.model.Guard@2460c928 state==Not_Signed
14:26:15.060 [main] DEBUG o.g.core.machine.ExecutionContext - Execute org.graphwalker.core.model.Guard@13a7aec7 state==AS_Open
14:26:15.060 [main] DEBUG o.g.core.machine.ExecutionContext - Execute invalid_sign_on
signon 7:81

[551 Authentication failed]
14:26:15.579 [main] DEBUG o.g.core.machine.SimpleMachine - Context: org.myorg.testautomation.ScanflowTest@33ce57f4
14:26:15.579 [main] DEBUG o.g.core.machine.ExecutionContext - Execute Not_Signed
14:26:15.579 [main] DEBUG o.g.core.machine.SimpleMachine - Context: org.myorg.testautomation.ScanflowTest@33ce57f4
14:26:15.579 [main] DEBUG o.g.core.machine.ExecutionContext - Execute org.graphwalker.core.model.Guard@4f6f13f0 state==AS_Idle
14:26:15.580 [main] DEBUG o.g.core.machine.ExecutionContext - Execute org.graphwalker.core.model.Guard@2e9ab0b3 state==AS_Ending
14:26:15.580 [main] DEBUG o.g.core.machine.ExecutionContext - Execute org.graphwalker.core.model.Guard@6b283550 state==AS_Closed
14:26:15.581 [main] DEBUG o.g.core.machine.ExecutionContext - Execute org.graphwalker.core.model.Guard@2460c928 state==Not_Signed
14:26:15.581 [main] DEBUG o.g.core.machine.ExecutionContext - Execute org.graphwalker.core.model.Guard@13a7aec7 state==AS_Open
14:26:15.581 [main] DEBUG o.g.core.machine.ExecutionContext - Execute invalid_sign_on
signon 7:81

[551 Authentication failed]
14:26:16.099 [main] DEBUG o.g.core.machine.SimpleMachine - Context: org.myorg.testautomation.ScanflowTest@33ce57f4
14:26:16.099 [main] DEBUG o.g.core.machine.ExecutionContext - Execute Not_Signed
14:26:16.100 [main] DEBUG o.g.core.machine.SimpleMachine - Context: org.myorg.testautomation.ScanflowTest@33ce57f4
14:26:16.100 [main] DEBUG o.g.core.machine.ExecutionContext - Execute org.graphwalker.core.model.Guard@4f6f13f0 state==AS_Idle
14:26:16.101 [main] DEBUG o.g.core.machine.ExecutionContext - Execute org.graphwalker.core.model.Guard@2e9ab0b3 state==AS_Ending
14:26:16.101 [main] DEBUG o.g.core.machine.ExecutionContext - Execute org.graphwalker.core.model.Guard@6b283550 state==AS_Closed
14:26:16.101 [main] DEBUG o.g.core.machine.ExecutionContext - Execute org.graphwalker.core.model.Guard@2460c928 state==Not_Signed
14:26:16.101 [main] DEBUG o.g.core.machine.ExecutionContext - Execute org.graphwalker.core.model.Guard@13a7aec7 state==AS_Open
14:26:16.101 [main] DEBUG o.g.core.machine.ExecutionContext - Execute valid_art_id
artid 5998386301215

[550 Not signed on]
14:26:16.620 [main] DEBUG o.g.core.machine.SimpleMachine - Context: org.myorg.testautomation.ScanflowTest@33ce57f4
14:26:16.620 [main] DEBUG o.g.core.machine.ExecutionContext - Execute Not_Signed
14:26:16.621 [main] DEBUG o.g.core.machine.SimpleMachine - Context: org.myorg.testautomation.ScanflowTest@33ce57f4
14:26:16.621 [main] DEBUG o.g.core.machine.ExecutionContext - Execute org.graphwalker.core.model.Guard@4f6f13f0 state==AS_Idle
14:26:16.621 [main] DEBUG o.g.core.machine.ExecutionContext - Execute org.graphwalker.core.model.Guard@2e9ab0b3 state==AS_Ending
14:26:16.621 [main] DEBUG o.g.core.machine.ExecutionContext - Execute org.graphwalker.core.model.Guard@6b283550 state==AS_Closed
14:26:16.622 [main] DEBUG o.g.core.machine.ExecutionContext - Execute org.graphwalker.core.model.Guard@2460c928 state==Not_Signed
14:26:16.622 [main] DEBUG o.g.core.machine.ExecutionContext - Execute org.graphwalker.core.model.Guard@13a7aec7 state==AS_Open
14:26:16.622 [main] DEBUG o.g.core.machine.ExecutionContext - Execute valid_art_id
artid 5998386301215

[550 Not signed on]
14:26:17.141 [main] DEBUG o.g.core.machine.SimpleMachine - Context: org.myorg.testautomation.ScanflowTest@33ce57f4
14:26:17.142 [main] DEBUG o.g.core.machine.ExecutionContext - Execute Not_Signed
14:26:17.142 [main] DEBUG o.g.core.machine.SimpleMachine - Context: org.myorg.testautomation.ScanflowTest@33ce57f4
14:26:17.142 [main] DEBUG o.g.core.machine.ExecutionContext - Execute org.graphwalker.core.model.Guard@4f6f13f0 state==AS_Idle
14:26:17.143 [main] DEBUG o.g.core.machine.ExecutionContext - Execute org.graphwalker.core.model.Guard@2e9ab0b3 state==AS_Ending
14:26:17.143 [main] DEBUG o.g.core.machine.ExecutionContext - Execute org.graphwalker.core.model.Guard@6b283550 state==AS_Closed
14:26:17.143 [main] DEBUG o.g.core.machine.ExecutionContext - Execute org.graphwalker.core.model.Guard@2460c928 state==Not_Signed
14:26:17.144 [main] DEBUG o.g.core.machine.ExecutionContext - Execute org.graphwalker.core.model.Guard@13a7aec7 state==AS_Open
14:26:17.144 [main] DEBUG o.g.core.machine.ExecutionContext - Execute invalid_art_id
artid 12313

[550 Not signed on]
14:26:17.662 [main] DEBUG o.g.core.machine.SimpleMachine - Context: org.myorg.testautomation.ScanflowTest@33ce57f4
14:26:17.662 [main] DEBUG o.g.core.machine.ExecutionContext - Execute Not_Signed
14:26:17.663 [main] DEBUG o.g.core.machine.SimpleMachine - Context: org.myorg.testautomation.ScanflowTest@33ce57f4
14:26:17.663 [main] DEBUG o.g.core.machine.ExecutionContext - Execute org.graphwalker.core.model.Guard@4f6f13f0 state==AS_Idle
14:26:17.663 [main] DEBUG o.g.core.machine.ExecutionContext - Execute org.graphwalker.core.model.Guard@2e9ab0b3 state==AS_Ending
14:26:17.663 [main] DEBUG o.g.core.machine.ExecutionContext - Execute org.graphwalker.core.model.Guard@6b283550 state==AS_Closed
14:26:17.664 [main] DEBUG o.g.core.machine.ExecutionContext - Execute org.graphwalker.core.model.Guard@2460c928 state==Not_Signed
14:26:17.664 [main] DEBUG o.g.core.machine.ExecutionContext - Execute org.graphwalker.core.model.Guard@13a7aec7 state==AS_Open
14:26:17.664 [main] DEBUG o.g.core.machine.ExecutionContext - Execute invalid_get
get Invalid

[510 No such variable]
14:26:18.182 [main] DEBUG o.g.core.machine.SimpleMachine - Context: org.myorg.testautomation.ScanflowTest@33ce57f4
14:26:18.182 [main] DEBUG o.g.core.machine.ExecutionContext - Execute Not_Signed
14:26:18.183 [main] DEBUG o.g.core.machine.SimpleMachine - Context: org.myorg.testautomation.ScanflowTest@33ce57f4
14:26:18.183 [main] DEBUG o.g.core.machine.ExecutionContext - Execute org.graphwalker.core.model.Guard@4f6f13f0 state==AS_Idle
14:26:18.183 [main] DEBUG o.g.core.machine.ExecutionContext - Execute org.graphwalker.core.model.Guard@2e9ab0b3 state==AS_Ending
14:26:18.184 [main] DEBUG o.g.core.machine.ExecutionContext - Execute org.graphwalker.core.model.Guard@6b283550 state==AS_Closed
14:26:18.184 [main] DEBUG o.g.core.machine.ExecutionContext - Execute org.graphwalker.core.model.Guard@2460c928 state==Not_Signed
14:26:18.184 [main] DEBUG o.g.core.machine.ExecutionContext - Execute org.graphwalker.core.model.Guard@13a7aec7 state==AS_Open
14:26:18.184 [main] DEBUG o.g.core.machine.ExecutionContext - Execute invalid_sign_off
signoff

[550 Not signed on]
14:26:18.702 [main] DEBUG o.g.core.machine.SimpleMachine - Context: org.myorg.testautomation.ScanflowTest@33ce57f4
14:26:18.702 [main] DEBUG o.g.core.machine.ExecutionContext - Execute Not_Signed
14:26:18.703 [main] DEBUG o.g.core.machine.SimpleMachine - Context: org.myorg.testautomation.ScanflowTest@33ce57f4
14:26:18.703 [main] DEBUG o.g.core.machine.ExecutionContext - Execute org.graphwalker.core.model.Guard@4f6f13f0 state==AS_Idle
14:26:18.703 [main] DEBUG o.g.core.machine.ExecutionContext - Execute org.graphwalker.core.model.Guard@2e9ab0b3 state==AS_Ending
14:26:18.703 [main] DEBUG o.g.core.machine.ExecutionContext - Execute org.graphwalker.core.model.Guard@6b283550 state==AS_Closed
14:26:18.703 [main] DEBUG o.g.core.machine.ExecutionContext - Execute org.graphwalker.core.model.Guard@2460c928 state==Not_Signed
14:26:18.704 [main] DEBUG o.g.core.machine.ExecutionContext - Execute org.graphwalker.core.model.Guard@13a7aec7 state==AS_Open
14:26:18.704 [main] DEBUG o.g.core.machine.ExecutionContext - Execute valid_sign_on
signon 8:01

[251 Signed On]
14:26:19.223 [main] DEBUG o.g.core.machine.SimpleMachine - Context: org.myorg.testautomation.ScanflowTest@33ce57f4
14:26:19.223 [main] DEBUG o.g.core.machine.ExecutionContext - Execute AS_Closed
14:26:19.223 [main] DEBUG o.g.core.machine.SimpleMachine - Context: org.myorg.testautomation.ScanflowTest@33ce57f4
14:26:19.223 [main] DEBUG o.g.core.machine.ExecutionContext - Execute invalid_trans
trans TM_CASHhhhh

[540 No Such Transaction method]
14:26:19.745 [main] DEBUG o.g.core.machine.SimpleMachine - Context: org.myorg.testautomation.ScanflowTest@33ce57f4
14:26:19.745 [main] DEBUG o.g.core.machine.ExecutionContext - Execute AS_Closed
14:26:19.746 [main] DEBUG o.g.core.machine.SimpleMachine - Context: org.myorg.testautomation.ScanflowTest@33ce57f4
14:26:19.746 [main] DEBUG o.g.core.machine.ExecutionContext - Execute valid_trans
trans TM_CASH

[240 0,00 Transaction succeeded]
14:26:20.267 [main] DEBUG o.g.core.machine.SimpleMachine - Context: org.myorg.testautomation.ScanflowTest@33ce57f4
14:26:20.268 [main] DEBUG o.g.core.machine.ExecutionContext - Execute AS_Ending
14:26:20.272 [main] DEBUG o.g.core.machine.SimpleMachine - Context: org.myorg.testautomation.ScanflowTest@33ce57f4
14:26:20.272 [main] DEBUG o.g.core.machine.ExecutionContext - Execute invalid_art_id
artid 12313

[511 No such article]
14:26:20.790 [main] DEBUG o.g.core.machine.SimpleMachine - Context: org.myorg.testautomation.ScanflowTest@33ce57f4
14:26:20.790 [main] DEBUG o.g.core.machine.ExecutionContext - Execute AS_Ending
14:26:20.791 [main] DEBUG o.g.core.machine.SimpleMachine - Context: org.myorg.testautomation.ScanflowTest@33ce57f4
14:26:20.791 [main] DEBUG o.g.core.machine.ExecutionContext - Execute invalid_get
get SI_MODELLL

[510 No such variable]
14:26:21.310 [main] DEBUG o.g.core.machine.SimpleMachine - Context: org.myorg.testautomation.ScanflowTest@33ce57f4
14:26:21.310 [main] DEBUG o.g.core.machine.ExecutionContext - Execute AS_Ending
14:26:21.311 [main] DEBUG o.g.core.machine.SimpleMachine - Context: org.myorg.testautomation.ScanflowTest@33ce57f4
14:26:21.311 [main] DEBUG o.g.core.machine.ExecutionContext - Execute valid_get
get CS_SIGN

[210 CS_SIGN:SS_ON]
14:26:21.829 [main] DEBUG o.g.core.machine.SimpleMachine - Context: org.myorg.testautomation.ScanflowTest@33ce57f4
14:26:21.829 [main] DEBUG o.g.core.machine.ExecutionContext - Execute AS_Ending
14:26:21.830 [main] DEBUG o.g.core.machine.SimpleMachine - Context: org.myorg.testautomation.ScanflowTest@33ce57f4
14:26:21.830 [main] DEBUG o.g.core.machine.ExecutionContext - Execute invalid_art_id
artid 12313

[511 No such article]
14:26:22.348 [main] DEBUG o.g.core.machine.SimpleMachine - Context: org.myorg.testautomation.ScanflowTest@33ce57f4
14:26:22.348 [main] DEBUG o.g.core.machine.ExecutionContext - Execute AS_Ending
14:26:22.349 [main] DEBUG o.g.core.machine.SimpleMachine - Context: org.myorg.testautomation.ScanflowTest@33ce57f4
14:26:22.349 [main] DEBUG o.g.core.machine.ExecutionContext - Execute state=AS_Ending;
14:26:22.352 [main] DEBUG o.g.core.machine.ExecutionContext - Execute valid_sign_off
signoff

[250 Signed Off]
14:26:22.870 [main] DEBUG o.g.core.machine.SimpleMachine - Context: org.myorg.testautomation.ScanflowTest@33ce57f4
14:26:22.870 [main] DEBUG o.g.core.machine.ExecutionContext - Execute Not_Signed
14:26:22.871 [main] DEBUG o.g.core.machine.SimpleMachine - Context: org.myorg.testautomation.ScanflowTest@33ce57f4
14:26:22.871 [main] DEBUG o.g.core.machine.ExecutionContext - Execute org.graphwalker.core.model.Guard@4f6f13f0 state==AS_Idle
14:26:22.871 [main] DEBUG o.g.core.machine.ExecutionContext - Execute org.graphwalker.core.model.Guard@2e9ab0b3 state==AS_Ending
14:26:22.871 [main] DEBUG o.g.core.machine.ExecutionContext - Execute org.graphwalker.core.model.Guard@6b283550 state==AS_Closed
14:26:22.871 [main] DEBUG o.g.core.machine.ExecutionContext - Execute org.graphwalker.core.model.Guard@2460c928 state==Not_Signed
14:26:22.872 [main] DEBUG o.g.core.machine.ExecutionContext - Execute org.graphwalker.core.model.Guard@13a7aec7 state==AS_Open
14:26:22.872 [main] DEBUG o.g.core.machine.ExecutionContext - Execute valid_art_id
artid 59922827

[550 Not signed on]
14:26:23.390 [main] DEBUG o.g.core.machine.SimpleMachine - Context: org.myorg.testautomation.ScanflowTest@33ce57f4
14:26:23.390 [main] DEBUG o.g.core.machine.ExecutionContext - Execute Not_Signed
14:26:23.392 [main] DEBUG o.g.core.machine.SimpleMachine - Context: org.myorg.testautomation.ScanflowTest@33ce57f4
14:26:23.392 [main] DEBUG o.g.core.machine.ExecutionContext - Execute org.graphwalker.core.model.Guard@4f6f13f0 state==AS_Idle
14:26:23.392 [main] DEBUG o.g.core.machine.ExecutionContext - Execute org.graphwalker.core.model.Guard@2e9ab0b3 state==AS_Ending
14:26:23.392 [main] DEBUG o.g.core.machine.ExecutionContext - Execute org.graphwalker.core.model.Guard@6b283550 state==AS_Closed
14:26:23.393 [main] DEBUG o.g.core.machine.ExecutionContext - Execute org.graphwalker.core.model.Guard@2460c928 state==Not_Signed
14:26:23.393 [main] DEBUG o.g.core.machine.ExecutionContext - Execute org.graphwalker.core.model.Guard@13a7aec7 state==AS_Open
14:26:23.393 [main] DEBUG o.g.core.machine.ExecutionContext - Execute valid_art_id
artid 5998386301215

[550 Not signed on]
14:26:23.911 [main] DEBUG o.g.core.machine.SimpleMachine - Context: org.myorg.testautomation.ScanflowTest@33ce57f4
14:26:23.911 [main] DEBUG o.g.core.machine.ExecutionContext - Execute Not_Signed
14:26:23.914 [main] DEBUG o.g.core.machine.SimpleMachine - Context: org.myorg.testautomation.ScanflowTest@33ce57f4
14:26:23.914 [main] DEBUG o.g.core.machine.ExecutionContext - Execute org.graphwalker.core.model.Guard@4f6f13f0 state==AS_Idle
14:26:23.914 [main] DEBUG o.g.core.machine.ExecutionContext - Execute org.graphwalker.core.model.Guard@2e9ab0b3 state==AS_Ending
14:26:23.915 [main] DEBUG o.g.core.machine.ExecutionContext - Execute org.graphwalker.core.model.Guard@6b283550 state==AS_Closed
14:26:23.916 [main] DEBUG o.g.core.machine.ExecutionContext - Execute org.graphwalker.core.model.Guard@2460c928 state==Not_Signed
14:26:23.916 [main] DEBUG o.g.core.machine.ExecutionContext - Execute org.graphwalker.core.model.Guard@13a7aec7 state==AS_Open
14:26:23.917 [main] DEBUG o.g.core.machine.ExecutionContext - Execute valid_art_id
artid 20013226

[550 Not signed on]
14:26:24.435 [main] DEBUG o.g.core.machine.SimpleMachine - Context: org.myorg.testautomation.ScanflowTest@33ce57f4
14:26:24.435 [main] DEBUG o.g.core.machine.ExecutionContext - Execute Not_Signed
14:26:24.436 [main] DEBUG o.g.core.machine.SimpleMachine - Context: org.myorg.testautomation.ScanflowTest@33ce57f4
14:26:24.436 [main] DEBUG o.g.core.machine.ExecutionContext - Execute org.graphwalker.core.model.Guard@4f6f13f0 state==AS_Idle
14:26:24.436 [main] DEBUG o.g.core.machine.ExecutionContext - Execute org.graphwalker.core.model.Guard@2e9ab0b3 state==AS_Ending
14:26:24.436 [main] DEBUG o.g.core.machine.ExecutionContext - Execute org.graphwalker.core.model.Guard@6b283550 state==AS_Closed
14:26:24.437 [main] DEBUG o.g.core.machine.ExecutionContext - Execute org.graphwalker.core.model.Guard@2460c928 state==Not_Signed
14:26:24.437 [main] DEBUG o.g.core.machine.ExecutionContext - Execute org.graphwalker.core.model.Guard@13a7aec7 state==AS_Open
14:26:24.437 [main] DEBUG o.g.core.machine.ExecutionContext - Execute invalid_art_id
artid -1

[550 Not signed on]
14:26:24.955 [main] DEBUG o.g.core.machine.SimpleMachine - Context: org.myorg.testautomation.ScanflowTest@33ce57f4
14:26:24.955 [main] DEBUG o.g.core.machine.ExecutionContext - Execute Not_Signed
14:26:24.956 [main] DEBUG o.g.core.machine.SimpleMachine - Context: org.myorg.testautomation.ScanflowTest@33ce57f4
14:26:24.956 [main] DEBUG o.g.core.machine.ExecutionContext - Execute org.graphwalker.core.model.Guard@4f6f13f0 state==AS_Idle
14:26:24.956 [main] DEBUG o.g.core.machine.ExecutionContext - Execute org.graphwalker.core.model.Guard@2e9ab0b3 state==AS_Ending
14:26:24.956 [main] DEBUG o.g.core.machine.ExecutionContext - Execute org.graphwalker.core.model.Guard@6b283550 state==AS_Closed
14:26:24.956 [main] DEBUG o.g.core.machine.ExecutionContext - Execute org.graphwalker.core.model.Guard@2460c928 state==Not_Signed
14:26:24.956 [main] DEBUG o.g.core.machine.ExecutionContext - Execute org.graphwalker.core.model.Guard@13a7aec7 state==AS_Open
14:26:24.957 [main] DEBUG o.g.core.machine.ExecutionContext - Execute valid_get
get LC_FRACT

[210 LC_FRACT:2]
14:26:25.475 [main] DEBUG o.g.core.machine.SimpleMachine - Context: org.myorg.testautomation.ScanflowTest@33ce57f4
14:26:25.475 [main] DEBUG o.g.core.machine.ExecutionContext - Execute Not_Signed
14:26:25.476 [main] DEBUG o.g.core.machine.SimpleMachine - Context: org.myorg.testautomation.ScanflowTest@33ce57f4
14:26:25.476 [main] DEBUG o.g.core.machine.ExecutionContext - Execute org.graphwalker.core.model.Guard@4f6f13f0 state==AS_Idle
14:26:25.476 [main] DEBUG o.g.core.machine.ExecutionContext - Execute org.graphwalker.core.model.Guard@2e9ab0b3 state==AS_Ending
14:26:25.477 [main] DEBUG o.g.core.machine.ExecutionContext - Execute org.graphwalker.core.model.Guard@6b283550 state==AS_Closed
14:26:25.477 [main] DEBUG o.g.core.machine.ExecutionContext - Execute org.graphwalker.core.model.Guard@2460c928 state==Not_Signed
14:26:25.477 [main] DEBUG o.g.core.machine.ExecutionContext - Execute org.graphwalker.core.model.Guard@13a7aec7 state==AS_Open
14:26:25.477 [main] DEBUG o.g.core.machine.ExecutionContext - Execute valid_sign_on
signon 8:01

[251 Signed On]
14:26:25.996 [main] DEBUG o.g.core.machine.SimpleMachine - Context: org.myorg.testautomation.ScanflowTest@33ce57f4
14:26:25.996 [main] DEBUG o.g.core.machine.ExecutionContext - Execute AS_Ending
14:26:25.997 [main] DEBUG o.g.core.machine.SimpleMachine - Context: org.myorg.testautomation.ScanflowTest@33ce57f4
14:26:25.997 [main] DEBUG o.g.core.machine.ExecutionContext - Execute valid_get
get SI_SOFTW

[210 SI_SOFTW:2.0]
14:26:26.515 [main] DEBUG o.g.core.machine.SimpleMachine - Context: org.myorg.testautomation.ScanflowTest@33ce57f4
14:26:26.515 [main] DEBUG o.g.core.machine.ExecutionContext - Execute AS_Ending
14:26:26.516 [main] DEBUG o.g.core.machine.SimpleMachine - Context: org.myorg.testautomation.ScanflowTest@33ce57f4
14:26:26.516 [main] DEBUG o.g.core.machine.ExecutionContext - Execute state=AS_Ending;
14:26:26.516 [main] DEBUG o.g.core.machine.ExecutionContext - Execute valid_sign_off
signoff

[250 Signed Off]
14:26:27.034 [main] DEBUG o.g.core.machine.SimpleMachine - Context: org.myorg.testautomation.ScanflowTest@33ce57f4
14:26:27.034 [main] DEBUG o.g.core.machine.ExecutionContext - Execute Not_Signed
14:26:27.035 [main] DEBUG o.g.core.machine.SimpleMachine - Context: org.myorg.testautomation.ScanflowTest@33ce57f4
14:26:27.035 [main] DEBUG o.g.core.machine.ExecutionContext - Execute org.graphwalker.core.model.Guard@4f6f13f0 state==AS_Idle
14:26:27.035 [main] DEBUG o.g.core.machine.ExecutionContext - Execute org.graphwalker.core.model.Guard@2e9ab0b3 state==AS_Ending
14:26:27.035 [main] DEBUG o.g.core.machine.ExecutionContext - Execute org.graphwalker.core.model.Guard@6b283550 state==AS_Closed
14:26:27.035 [main] DEBUG o.g.core.machine.ExecutionContext - Execute org.graphwalker.core.model.Guard@2460c928 state==Not_Signed
14:26:27.035 [main] DEBUG o.g.core.machine.ExecutionContext - Execute org.graphwalker.core.model.Guard@13a7aec7 state==AS_Open
14:26:27.036 [main] DEBUG o.g.core.machine.ExecutionContext - Execute invalid_sign_on
signon 7:81

[551 Authentication failed]
14:26:27.554 [main] DEBUG o.g.core.machine.SimpleMachine - Context: org.myorg.testautomation.ScanflowTest@33ce57f4
14:26:27.554 [main] DEBUG o.g.core.machine.ExecutionContext - Execute Not_Signed
14:26:27.555 [main] DEBUG o.g.core.machine.SimpleMachine - Context: org.myorg.testautomation.ScanflowTest@33ce57f4
14:26:27.555 [main] DEBUG o.g.core.machine.ExecutionContext - Execute org.graphwalker.core.model.Guard@4f6f13f0 state==AS_Idle
14:26:27.555 [main] DEBUG o.g.core.machine.ExecutionContext - Execute org.graphwalker.core.model.Guard@2e9ab0b3 state==AS_Ending
14:26:27.555 [main] DEBUG o.g.core.machine.ExecutionContext - Execute org.graphwalker.core.model.Guard@6b283550 state==AS_Closed
14:26:27.555 [main] DEBUG o.g.core.machine.ExecutionContext - Execute org.graphwalker.core.model.Guard@2460c928 state==Not_Signed
14:26:27.555 [main] DEBUG o.g.core.machine.ExecutionContext - Execute org.graphwalker.core.model.Guard@13a7aec7 state==AS_Open
14:26:27.555 [main] DEBUG o.g.core.machine.ExecutionContext - Execute invalid_get
get Invalid

[510 No such variable]
14:26:28.073 [main] DEBUG o.g.core.machine.SimpleMachine - Context: org.myorg.testautomation.ScanflowTest@33ce57f4
14:26:28.074 [main] DEBUG o.g.core.machine.ExecutionContext - Execute Not_Signed
14:26:28.074 [main] DEBUG o.g.core.machine.SimpleMachine - Context: org.myorg.testautomation.ScanflowTest@33ce57f4
14:26:28.074 [main] DEBUG o.g.core.machine.ExecutionContext - Execute org.graphwalker.core.model.Guard@4f6f13f0 state==AS_Idle
14:26:28.074 [main] DEBUG o.g.core.machine.ExecutionContext - Execute org.graphwalker.core.model.Guard@2e9ab0b3 state==AS_Ending
14:26:28.074 [main] DEBUG o.g.core.machine.ExecutionContext - Execute org.graphwalker.core.model.Guard@6b283550 state==AS_Closed
14:26:28.075 [main] DEBUG o.g.core.machine.ExecutionContext - Execute org.graphwalker.core.model.Guard@2460c928 state==Not_Signed
14:26:28.075 [main] DEBUG o.g.core.machine.ExecutionContext - Execute org.graphwalker.core.model.Guard@13a7aec7 state==AS_Open
14:26:28.075 [main] DEBUG o.g.core.machine.ExecutionContext - Execute invalid_get
get SI_SOFTWWWW

[510 No such variable]
14:26:28.593 [main] DEBUG o.g.core.machine.SimpleMachine - Context: org.myorg.testautomation.ScanflowTest@33ce57f4
14:26:28.593 [main] DEBUG o.g.core.machine.ExecutionContext - Execute Not_Signed
14:26:28.594 [main] DEBUG o.g.core.machine.SimpleMachine - Context: org.myorg.testautomation.ScanflowTest@33ce57f4
14:26:28.594 [main] DEBUG o.g.core.machine.ExecutionContext - Execute org.graphwalker.core.model.Guard@4f6f13f0 state==AS_Idle
14:26:28.594 [main] DEBUG o.g.core.machine.ExecutionContext - Execute org.graphwalker.core.model.Guard@2e9ab0b3 state==AS_Ending
14:26:28.595 [main] DEBUG o.g.core.machine.ExecutionContext - Execute org.graphwalker.core.model.Guard@6b283550 state==AS_Closed
14:26:28.595 [main] DEBUG o.g.core.machine.ExecutionContext - Execute org.graphwalker.core.model.Guard@2460c928 state==Not_Signed
14:26:28.595 [main] DEBUG o.g.core.machine.ExecutionContext - Execute org.graphwalker.core.model.Guard@13a7aec7 state==AS_Open
14:26:28.595 [main] DEBUG o.g.core.machine.ExecutionContext - Execute valid_get
get SI_SOFTW

[210 SI_SOFTW:2.0]
14:26:29.113 [main] DEBUG o.g.core.machine.SimpleMachine - Context: org.myorg.testautomation.ScanflowTest@33ce57f4
14:26:29.113 [main] DEBUG o.g.core.machine.ExecutionContext - Execute Not_Signed
14:26:29.114 [main] DEBUG o.g.core.machine.SimpleMachine - Context: org.myorg.testautomation.ScanflowTest@33ce57f4
14:26:29.114 [main] DEBUG o.g.core.machine.ExecutionContext - Execute org.graphwalker.core.model.Guard@4f6f13f0 state==AS_Idle
14:26:29.114 [main] DEBUG o.g.core.machine.ExecutionContext - Execute org.graphwalker.core.model.Guard@2e9ab0b3 state==AS_Ending
14:26:29.114 [main] DEBUG o.g.core.machine.ExecutionContext - Execute org.graphwalker.core.model.Guard@6b283550 state==AS_Closed
14:26:29.114 [main] DEBUG o.g.core.machine.ExecutionContext - Execute org.graphwalker.core.model.Guard@2460c928 state==Not_Signed
14:26:29.115 [main] DEBUG o.g.core.machine.ExecutionContext - Execute org.graphwalker.core.model.Guard@13a7aec7 state==AS_Open
14:26:29.115 [main] DEBUG o.g.core.machine.ExecutionContext - Execute invalid_get
get SI_MODELLL

[510 No such variable]
14:26:29.633 [main] DEBUG o.g.core.machine.SimpleMachine - Context: org.myorg.testautomation.ScanflowTest@33ce57f4
14:26:29.633 [main] DEBUG o.g.core.machine.ExecutionContext - Execute Not_Signed
14:26:29.634 [main] DEBUG o.g.core.machine.SimpleMachine - Context: org.myorg.testautomation.ScanflowTest@33ce57f4
14:26:29.634 [main] DEBUG o.g.core.machine.ExecutionContext - Execute org.graphwalker.core.model.Guard@4f6f13f0 state==AS_Idle
14:26:29.634 [main] DEBUG o.g.core.machine.ExecutionContext - Execute org.graphwalker.core.model.Guard@2e9ab0b3 state==AS_Ending
14:26:29.634 [main] DEBUG o.g.core.machine.ExecutionContext - Execute org.graphwalker.core.model.Guard@6b283550 state==AS_Closed
14:26:29.634 [main] DEBUG o.g.core.machine.ExecutionContext - Execute org.graphwalker.core.model.Guard@2460c928 state==Not_Signed
14:26:29.635 [main] DEBUG o.g.core.machine.ExecutionContext - Execute org.graphwalker.core.model.Guard@13a7aec7 state==AS_Open
14:26:29.635 [main] DEBUG o.g.core.machine.ExecutionContext - Execute invalid_art_id
artid -1

[550 Not signed on]
14:26:30.153 [main] DEBUG o.g.core.machine.SimpleMachine - Context: org.myorg.testautomation.ScanflowTest@33ce57f4
14:26:30.153 [main] DEBUG o.g.core.machine.ExecutionContext - Execute Not_Signed
14:26:30.154 [main] DEBUG o.g.core.machine.SimpleMachine - Context: org.myorg.testautomation.ScanflowTest@33ce57f4
14:26:30.154 [main] DEBUG o.g.core.machine.ExecutionContext - Execute org.graphwalker.core.model.Guard@4f6f13f0 state==AS_Idle
14:26:30.154 [main] DEBUG o.g.core.machine.ExecutionContext - Execute org.graphwalker.core.model.Guard@2e9ab0b3 state==AS_Ending
14:26:30.154 [main] DEBUG o.g.core.machine.ExecutionContext - Execute org.graphwalker.core.model.Guard@6b283550 state==AS_Closed
14:26:30.154 [main] DEBUG o.g.core.machine.ExecutionContext - Execute org.graphwalker.core.model.Guard@2460c928 state==Not_Signed
14:26:30.154 [main] DEBUG o.g.core.machine.ExecutionContext - Execute org.graphwalker.core.model.Guard@13a7aec7 state==AS_Open
14:26:30.155 [main] DEBUG o.g.core.machine.ExecutionContext - Execute invalid_art_id
artid 22

[550 Not signed on]
14:26:30.673 [main] DEBUG o.g.core.machine.SimpleMachine - Context: org.myorg.testautomation.ScanflowTest@33ce57f4
14:26:30.673 [main] DEBUG o.g.core.machine.ExecutionContext - Execute Not_Signed
14:26:30.674 [main] DEBUG o.g.core.machine.SimpleMachine - Context: org.myorg.testautomation.ScanflowTest@33ce57f4
14:26:30.674 [main] DEBUG o.g.core.machine.ExecutionContext - Execute org.graphwalker.core.model.Guard@4f6f13f0 state==AS_Idle
14:26:30.674 [main] DEBUG o.g.core.machine.ExecutionContext - Execute org.graphwalker.core.model.Guard@2e9ab0b3 state==AS_Ending
14:26:30.674 [main] DEBUG o.g.core.machine.ExecutionContext - Execute org.graphwalker.core.model.Guard@6b283550 state==AS_Closed
14:26:30.674 [main] DEBUG o.g.core.machine.ExecutionContext - Execute org.graphwalker.core.model.Guard@2460c928 state==Not_Signed
14:26:30.674 [main] DEBUG o.g.core.machine.ExecutionContext - Execute org.graphwalker.core.model.Guard@13a7aec7 state==AS_Open
14:26:30.675 [main] DEBUG o.g.core.machine.ExecutionContext - Execute valid_sign_on
signon 8:01

[251 Signed On]
14:26:31.193 [main] DEBUG o.g.core.machine.SimpleMachine - Context: org.myorg.testautomation.ScanflowTest@33ce57f4
14:26:31.193 [main] DEBUG o.g.core.machine.ExecutionContext - Execute AS_Ending
14:26:31.194 [main] DEBUG o.g.core.machine.SimpleMachine - Context: org.myorg.testautomation.ScanflowTest@33ce57f4
14:26:31.194 [main] DEBUG o.g.core.machine.ExecutionContext - Execute invalid_art_id
artid -1

[511 No such article]
14:26:31.712 [main] DEBUG o.g.core.machine.SimpleMachine - Context: org.myorg.testautomation.ScanflowTest@33ce57f4
14:26:31.712 [main] DEBUG o.g.core.machine.ExecutionContext - Execute AS_Ending
14:26:31.713 [main] DEBUG o.g.core.machine.SimpleMachine - Context: org.myorg.testautomation.ScanflowTest@33ce57f4
14:26:31.713 [main] DEBUG o.g.core.machine.ExecutionContext - Execute valid_art_id
artid 20013226

[213 desc=&quot;Magnezium pezsgotabl&quot; price=4,69]
14:26:32.231 [main] DEBUG o.g.core.machine.SimpleMachine - Context: org.myorg.testautomation.ScanflowTest@33ce57f4
14:26:32.231 [main] DEBUG o.g.core.machine.ExecutionContext - Execute AS_Ending
14:26:32.232 [main] DEBUG o.g.core.machine.SimpleMachine - Context: org.myorg.testautomation.ScanflowTest@33ce57f4
14:26:32.232 [main] DEBUG o.g.core.machine.ExecutionContext - Execute invalid_get
get SI_MODELLL

[510 No such variable]
14:26:32.750 [main] DEBUG o.g.core.machine.SimpleMachine - Context: org.myorg.testautomation.ScanflowTest@33ce57f4
14:26:32.751 [main] DEBUG o.g.core.machine.ExecutionContext - Execute AS_Ending
14:26:32.751 [main] DEBUG o.g.core.machine.SimpleMachine - Context: org.myorg.testautomation.ScanflowTest@33ce57f4
14:26:32.751 [main] DEBUG o.g.core.machine.ExecutionContext - Execute invalid_get
get SI_MODELLL

[510 No such variable]
14:26:33.269 [main] DEBUG o.g.core.machine.SimpleMachine - Context: org.myorg.testautomation.ScanflowTest@33ce57f4
14:26:33.270 [main] DEBUG o.g.core.machine.ExecutionContext - Execute AS_Ending
14:26:33.270 [main] DEBUG o.g.core.machine.SimpleMachine - Context: org.myorg.testautomation.ScanflowTest@33ce57f4
14:26:33.270 [main] DEBUG o.g.core.machine.ExecutionContext - Execute valid_art_id
artid 59922827

[213 desc=&quot;Multifilter kek&quot; price=6,99 age]
14:26:33.789 [main] DEBUG o.g.core.machine.SimpleMachine - Context: org.myorg.testautomation.ScanflowTest@33ce57f4
14:26:33.789 [main] DEBUG o.g.core.machine.ExecutionContext - Execute AS_Ending
14:26:33.789 [main] DEBUG o.g.core.machine.SimpleMachine - Context: org.myorg.testautomation.ScanflowTest@33ce57f4
14:26:33.789 [main] DEBUG o.g.core.machine.ExecutionContext - Execute valid_get
get LC_SEPCH

[210 LC_SEPCH:,]
14:26:34.308 [main] DEBUG o.g.core.machine.SimpleMachine - Context: org.myorg.testautomation.ScanflowTest@33ce57f4
14:26:34.308 [main] DEBUG o.g.core.machine.ExecutionContext - Execute AS_Ending
14:26:34.308 [main] DEBUG o.g.core.machine.SimpleMachine - Context: org.myorg.testautomation.ScanflowTest@33ce57f4
14:26:34.308 [main] DEBUG o.g.core.machine.ExecutionContext - Execute state=AS_Ending;
14:26:34.308 [main] DEBUG o.g.core.machine.ExecutionContext - Execute valid_sign_off
signoff

[250 Signed Off]
14:26:34.827 [main] DEBUG o.g.core.machine.SimpleMachine - Context: org.myorg.testautomation.ScanflowTest@33ce57f4
14:26:34.827 [main] DEBUG o.g.core.machine.ExecutionContext - Execute Not_Signed
14:26:34.827 [main] DEBUG o.g.core.machine.SimpleMachine - Context: org.myorg.testautomation.ScanflowTest@33ce57f4
14:26:34.827 [main] DEBUG o.g.core.machine.ExecutionContext - Execute org.graphwalker.core.model.Guard@4f6f13f0 state==AS_Idle
14:26:34.828 [main] DEBUG o.g.core.machine.ExecutionContext - Execute org.graphwalker.core.model.Guard@2e9ab0b3 state==AS_Ending
14:26:34.828 [main] DEBUG o.g.core.machine.ExecutionContext - Execute org.graphwalker.core.model.Guard@6b283550 state==AS_Closed
14:26:34.828 [main] DEBUG o.g.core.machine.ExecutionContext - Execute org.graphwalker.core.model.Guard@2460c928 state==Not_Signed
14:26:34.828 [main] DEBUG o.g.core.machine.ExecutionContext - Execute org.graphwalker.core.model.Guard@13a7aec7 state==AS_Open
14:26:34.828 [main] DEBUG o.g.core.machine.ExecutionContext - Execute invalid_sign_off
signoff

[550 Not signed on]
14:26:35.346 [main] DEBUG o.g.core.machine.SimpleMachine - Context: org.myorg.testautomation.ScanflowTest@33ce57f4
14:26:35.346 [main] DEBUG o.g.core.machine.ExecutionContext - Execute Not_Signed
14:26:35.347 [main] DEBUG o.g.core.machine.SimpleMachine - Context: org.myorg.testautomation.ScanflowTest@33ce57f4
14:26:35.347 [main] DEBUG o.g.core.machine.ExecutionContext - Execute org.graphwalker.core.model.Guard@4f6f13f0 state==AS_Idle
14:26:35.347 [main] DEBUG o.g.core.machine.ExecutionContext - Execute org.graphwalker.core.model.Guard@2e9ab0b3 state==AS_Ending
14:26:35.347 [main] DEBUG o.g.core.machine.ExecutionContext - Execute org.graphwalker.core.model.Guard@6b283550 state==AS_Closed
14:26:35.348 [main] DEBUG o.g.core.machine.ExecutionContext - Execute org.graphwalker.core.model.Guard@2460c928 state==Not_Signed
14:26:35.348 [main] DEBUG o.g.core.machine.ExecutionContext - Execute org.graphwalker.core.model.Guard@13a7aec7 state==AS_Open
14:26:35.348 [main] DEBUG o.g.core.machine.ExecutionContext - Execute valid_art_id
artid 20013226

[550 Not signed on]
14:26:35.866 [main] DEBUG o.g.core.machine.SimpleMachine - Context: org.myorg.testautomation.ScanflowTest@33ce57f4
14:26:35.866 [main] DEBUG o.g.core.machine.ExecutionContext - Execute Not_Signed
14:26:35.867 [main] DEBUG o.g.core.machine.SimpleMachine - Context: org.myorg.testautomation.ScanflowTest@33ce57f4
14:26:35.867 [main] DEBUG o.g.core.machine.ExecutionContext - Execute org.graphwalker.core.model.Guard@4f6f13f0 state==AS_Idle
14:26:35.867 [main] DEBUG o.g.core.machine.ExecutionContext - Execute org.graphwalker.core.model.Guard@2e9ab0b3 state==AS_Ending
14:26:35.867 [main] DEBUG o.g.core.machine.ExecutionContext - Execute org.graphwalker.core.model.Guard@6b283550 state==AS_Closed
14:26:35.867 [main] DEBUG o.g.core.machine.ExecutionContext - Execute org.graphwalker.core.model.Guard@2460c928 state==Not_Signed
14:26:35.868 [main] DEBUG o.g.core.machine.ExecutionContext - Execute org.graphwalker.core.model.Guard@13a7aec7 state==AS_Open
14:26:35.868 [main] DEBUG o.g.core.machine.ExecutionContext - Execute invalid_sign_off
signoff

[550 Not signed on]
14:26:36.386 [main] DEBUG o.g.core.machine.SimpleMachine - Context: org.myorg.testautomation.ScanflowTest@33ce57f4
14:26:36.386 [main] DEBUG o.g.core.machine.ExecutionContext - Execute Not_Signed
14:26:36.387 [main] DEBUG o.g.core.machine.SimpleMachine - Context: org.myorg.testautomation.ScanflowTest@33ce57f4
14:26:36.387 [main] DEBUG o.g.core.machine.ExecutionContext - Execute org.graphwalker.core.model.Guard@4f6f13f0 state==AS_Idle
14:26:36.387 [main] DEBUG o.g.core.machine.ExecutionContext - Execute org.graphwalker.core.model.Guard@2e9ab0b3 state==AS_Ending
14:26:36.388 [main] DEBUG o.g.core.machine.ExecutionContext - Execute org.graphwalker.core.model.Guard@6b283550 state==AS_Closed
14:26:36.388 [main] DEBUG o.g.core.machine.ExecutionContext - Execute org.graphwalker.core.model.Guard@2460c928 state==Not_Signed
14:26:36.388 [main] DEBUG o.g.core.machine.ExecutionContext - Execute org.graphwalker.core.model.Guard@13a7aec7 state==AS_Open
14:26:36.388 [main] DEBUG o.g.core.machine.ExecutionContext - Execute invalid_art_id
artid 12313

[550 Not signed on]
14:26:36.906 [main] DEBUG o.g.core.machine.SimpleMachine - Context: org.myorg.testautomation.ScanflowTest@33ce57f4
14:26:36.906 [main] DEBUG o.g.core.machine.ExecutionContext - Execute Not_Signed
14:26:36.907 [main] DEBUG o.g.core.machine.SimpleMachine - Context: org.myorg.testautomation.ScanflowTest@33ce57f4
14:26:36.907 [main] DEBUG o.g.core.machine.ExecutionContext - Execute org.graphwalker.core.model.Guard@4f6f13f0 state==AS_Idle
14:26:36.907 [main] DEBUG o.g.core.machine.ExecutionContext - Execute org.graphwalker.core.model.Guard@2e9ab0b3 state==AS_Ending
14:26:36.907 [main] DEBUG o.g.core.machine.ExecutionContext - Execute org.graphwalker.core.model.Guard@6b283550 state==AS_Closed
14:26:36.907 [main] DEBUG o.g.core.machine.ExecutionContext - Execute org.graphwalker.core.model.Guard@2460c928 state==Not_Signed
14:26:36.907 [main] DEBUG o.g.core.machine.ExecutionContext - Execute org.graphwalker.core.model.Guard@13a7aec7 state==AS_Open
14:26:36.908 [main] DEBUG o.g.core.machine.ExecutionContext - Execute valid_sign_on
signon 8:01

[251 Signed On]
14:26:37.426 [main] DEBUG o.g.core.machine.SimpleMachine - Context: org.myorg.testautomation.ScanflowTest@33ce57f4
14:26:37.426 [main] DEBUG o.g.core.machine.ExecutionContext - Execute AS_Ending
14:26:37.427 [main] DEBUG o.g.core.machine.SimpleMachine - Context: org.myorg.testautomation.ScanflowTest@33ce57f4
14:26:37.427 [main] DEBUG o.g.core.machine.ExecutionContext - Execute invalid_art_id
artid 12313

[511 No such article]
14:26:37.946 [main] DEBUG o.g.core.machine.SimpleMachine - Context: org.myorg.testautomation.ScanflowTest@33ce57f4
14:26:37.946 [main] DEBUG o.g.core.machine.ExecutionContext - Execute AS_Ending
14:26:37.946 [main] DEBUG o.g.core.machine.SimpleMachine - Context: org.myorg.testautomation.ScanflowTest@33ce57f4
14:26:37.946 [main] DEBUG o.g.core.machine.ExecutionContext - Execute state=AS_Ending;
14:26:37.947 [main] DEBUG o.g.core.machine.ExecutionContext - Execute valid_sign_off
signoff

[250 Signed Off]
14:26:38.465 [main] DEBUG o.g.core.machine.SimpleMachine - Context: org.myorg.testautomation.ScanflowTest@33ce57f4
14:26:38.465 [main] DEBUG o.g.core.machine.ExecutionContext - Execute Not_Signed
14:26:38.465 [main] DEBUG o.g.core.machine.SimpleMachine - Context: org.myorg.testautomation.ScanflowTest@33ce57f4
14:26:38.466 [main] DEBUG o.g.core.machine.ExecutionContext - Execute org.graphwalker.core.model.Guard@4f6f13f0 state==AS_Idle
14:26:38.466 [main] DEBUG o.g.core.machine.ExecutionContext - Execute org.graphwalker.core.model.Guard@2e9ab0b3 state==AS_Ending
14:26:38.466 [main] DEBUG o.g.core.machine.ExecutionContext - Execute org.graphwalker.core.model.Guard@6b283550 state==AS_Closed
14:26:38.466 [main] DEBUG o.g.core.machine.ExecutionContext - Execute org.graphwalker.core.model.Guard@2460c928 state==Not_Signed
14:26:38.466 [main] DEBUG o.g.core.machine.ExecutionContext - Execute org.graphwalker.core.model.Guard@13a7aec7 state==AS_Open
14:26:38.466 [main] DEBUG o.g.core.machine.ExecutionContext - Execute valid_sign_on
signon 8:01

[251 Signed On]
14:26:38.985 [main] DEBUG o.g.core.machine.SimpleMachine - Context: org.myorg.testautomation.ScanflowTest@33ce57f4
14:26:38.985 [main] DEBUG o.g.core.machine.ExecutionContext - Execute AS_Ending
14:26:38.986 [main] DEBUG o.g.core.machine.SimpleMachine - Context: org.myorg.testautomation.ScanflowTest@33ce57f4
14:26:38.986 [main] DEBUG o.g.core.machine.ExecutionContext - Execute invalid_get
get SI_SOFTWWWW

[510 No such variable]
14:26:39.504 [main] DEBUG o.g.core.machine.SimpleMachine - Context: org.myorg.testautomation.ScanflowTest@33ce57f4
14:26:39.504 [main] DEBUG o.g.core.machine.ExecutionContext - Execute AS_Ending
14:26:39.505 [main] DEBUG o.g.core.machine.SimpleMachine - Context: org.myorg.testautomation.ScanflowTest@33ce57f4
14:26:39.505 [main] DEBUG o.g.core.machine.ExecutionContext - Execute idle
idle

[233 Account Idled]
14:26:40.027 [main] DEBUG o.g.core.machine.SimpleMachine - Context: org.myorg.testautomation.ScanflowTest@33ce57f4
14:26:40.027 [main] DEBUG o.g.core.machine.ExecutionContext - Execute AS_Idle
14:26:40.028 [main] DEBUG o.g.core.machine.SimpleMachine - Context: org.myorg.testautomation.ScanflowTest@33ce57f4
14:26:40.028 [main] DEBUG o.g.core.machine.ExecutionContext - Execute valid_get
get SI_SOFTW

[210 SI_SOFTW:2.0]
14:26:40.546 [main] DEBUG o.g.core.machine.SimpleMachine - Context: org.myorg.testautomation.ScanflowTest@33ce57f4
14:26:40.546 [main] DEBUG o.g.core.machine.ExecutionContext - Execute AS_Idle
14:26:40.547 [main] DEBUG o.g.core.machine.SimpleMachine - Context: org.myorg.testautomation.ScanflowTest@33ce57f4
14:26:40.547 [main] DEBUG o.g.core.machine.ExecutionContext - Execute open_acc
open

[231 004831 Account opened]
14:26:41.065 [main] DEBUG o.g.core.machine.SimpleMachine - Context: org.myorg.testautomation.ScanflowTest@33ce57f4
14:26:41.065 [main] DEBUG o.g.core.machine.ExecutionContext - Execute AS_Open
14:26:41.066 [main] DEBUG o.g.core.machine.SimpleMachine - Context: org.myorg.testautomation.ScanflowTest@33ce57f4
14:26:41.066 [main] DEBUG o.g.core.machine.ExecutionContext - Execute invalid_art_reg
artreg 22:1

[511 No such article]
14:26:43.588 [main] DEBUG o.g.core.machine.SimpleMachine - Context: org.myorg.testautomation.ScanflowTest@33ce57f4
14:26:43.588 [main] DEBUG o.g.core.machine.ExecutionContext - Execute AS_Open
14:26:43.589 [main] DEBUG o.g.core.machine.SimpleMachine - Context: org.myorg.testautomation.ScanflowTest@33ce57f4
14:26:43.589 [main] DEBUG o.g.core.machine.ExecutionContext - Execute state=AS_Open;
14:26:43.592 [main] DEBUG o.g.core.machine.ExecutionContext - Execute valid_sign_off
signoff

[250 Signed Off]
14:26:44.110 [main] DEBUG o.g.core.machine.SimpleMachine - Context: org.myorg.testautomation.ScanflowTest@33ce57f4
14:26:44.110 [main] DEBUG o.g.core.machine.ExecutionContext - Execute Not_Signed
14:26:44.111 [main] DEBUG o.g.core.machine.SimpleMachine - Context: org.myorg.testautomation.ScanflowTest@33ce57f4
14:26:44.111 [main] DEBUG o.g.core.machine.ExecutionContext - Execute org.graphwalker.core.model.Guard@4f6f13f0 state==AS_Idle
14:26:44.111 [main] DEBUG o.g.core.machine.ExecutionContext - Execute org.graphwalker.core.model.Guard@2e9ab0b3 state==AS_Ending
14:26:44.111 [main] DEBUG o.g.core.machine.ExecutionContext - Execute org.graphwalker.core.model.Guard@6b283550 state==AS_Closed
14:26:44.111 [main] DEBUG o.g.core.machine.ExecutionContext - Execute org.graphwalker.core.model.Guard@2460c928 state==Not_Signed
14:26:44.111 [main] DEBUG o.g.core.machine.ExecutionContext - Execute org.graphwalker.core.model.Guard@13a7aec7 state==AS_Open
14:26:44.111 [main] DEBUG o.g.core.machine.ExecutionContext - Execute invalid_get
get SI_SOFTWWWW

[510 No such variable]
14:26:44.630 [main] DEBUG o.g.core.machine.SimpleMachine - Context: org.myorg.testautomation.ScanflowTest@33ce57f4
14:26:44.630 [main] DEBUG o.g.core.machine.ExecutionContext - Execute Not_Signed
14:26:44.630 [main] DEBUG o.g.core.machine.SimpleMachine - Context: org.myorg.testautomation.ScanflowTest@33ce57f4
14:26:44.630 [main] DEBUG o.g.core.machine.ExecutionContext - Execute org.graphwalker.core.model.Guard@4f6f13f0 state==AS_Idle
14:26:44.630 [main] DEBUG o.g.core.machine.ExecutionContext - Execute org.graphwalker.core.model.Guard@2e9ab0b3 state==AS_Ending
14:26:44.631 [main] DEBUG o.g.core.machine.ExecutionContext - Execute org.graphwalker.core.model.Guard@6b283550 state==AS_Closed
14:26:44.631 [main] DEBUG o.g.core.machine.ExecutionContext - Execute org.graphwalker.core.model.Guard@2460c928 state==Not_Signed
14:26:44.631 [main] DEBUG o.g.core.machine.ExecutionContext - Execute org.graphwalker.core.model.Guard@13a7aec7 state==AS_Open
14:26:44.631 [main] DEBUG o.g.core.machine.ExecutionContext - Execute valid_art_id
artid 20013226

[550 Not signed on]
14:26:45.149 [main] DEBUG o.g.core.machine.SimpleMachine - Context: org.myorg.testautomation.ScanflowTest@33ce57f4
14:26:45.149 [main] DEBUG o.g.core.machine.ExecutionContext - Execute Not_Signed
14:26:45.150 [main] DEBUG o.g.core.machine.SimpleMachine - Context: org.myorg.testautomation.ScanflowTest@33ce57f4
14:26:45.150 [main] DEBUG o.g.core.machine.ExecutionContext - Execute org.graphwalker.core.model.Guard@4f6f13f0 state==AS_Idle
14:26:45.150 [main] DEBUG o.g.core.machine.ExecutionContext - Execute org.graphwalker.core.model.Guard@2e9ab0b3 state==AS_Ending
14:26:45.150 [main] DEBUG o.g.core.machine.ExecutionContext - Execute org.graphwalker.core.model.Guard@6b283550 state==AS_Closed
14:26:45.150 [main] DEBUG o.g.core.machine.ExecutionContext - Execute org.graphwalker.core.model.Guard@2460c928 state==Not_Signed
14:26:45.150 [main] DEBUG o.g.core.machine.ExecutionContext - Execute org.graphwalker.core.model.Guard@13a7aec7 state==AS_Open
14:26:45.150 [main] DEBUG o.g.core.machine.ExecutionContext - Execute valid_sign_on
signon 8:01

[251 Signed On]
14:26:45.668 [main] DEBUG o.g.core.machine.SimpleMachine - Context: org.myorg.testautomation.ScanflowTest@33ce57f4
14:26:45.669 [main] DEBUG o.g.core.machine.ExecutionContext - Execute AS_Open
14:26:45.669 [main] DEBUG o.g.core.machine.SimpleMachine - Context: org.myorg.testautomation.ScanflowTest@33ce57f4
14:26:45.669 [main] DEBUG o.g.core.machine.ExecutionContext - Execute valid_get
get SI_MODEL

[210 SI_MODEL:Simulator-Python]
14:26:46.187 [main] DEBUG o.g.core.machine.SimpleMachine - Context: org.myorg.testautomation.ScanflowTest@33ce57f4
14:26:46.187 [main] DEBUG o.g.core.machine.ExecutionContext - Execute AS_Open
14:26:46.188 [main] DEBUG o.g.core.machine.SimpleMachine - Context: org.myorg.testautomation.ScanflowTest@33ce57f4
14:26:46.188 [main] DEBUG o.g.core.machine.ExecutionContext - Execute invalid_art_reg
artreg 22:1

[511 No such article]
14:26:48.711 [main] DEBUG o.g.core.machine.SimpleMachine - Context: org.myorg.testautomation.ScanflowTest@33ce57f4
14:26:48.711 [main] DEBUG o.g.core.machine.ExecutionContext - Execute AS_Open
14:26:48.711 [main] DEBUG o.g.core.machine.SimpleMachine - Context: org.myorg.testautomation.ScanflowTest@33ce57f4
14:26:48.711 [main] DEBUG o.g.core.machine.ExecutionContext - Execute valid_art_id
artid 5998386301215

[213 desc=&quot;Citrom izu szorp&quot; price=1,49]
14:26:49.230 [main] DEBUG o.g.core.machine.SimpleMachine - Context: org.myorg.testautomation.ScanflowTest@33ce57f4
14:26:49.230 [main] DEBUG o.g.core.machine.ExecutionContext - Execute AS_Open
14:26:49.231 [main] DEBUG o.g.core.machine.SimpleMachine - Context: org.myorg.testautomation.ScanflowTest@33ce57f4
14:26:49.231 [main] DEBUG o.g.core.machine.ExecutionContext - Execute invalid_art_reg
artreg -1:1

[511 No such article]
14:26:51.754 [main] DEBUG o.g.core.machine.SimpleMachine - Context: org.myorg.testautomation.ScanflowTest@33ce57f4
14:26:51.755 [main] DEBUG o.g.core.machine.ExecutionContext - Execute AS_Open
14:26:51.755 [main] DEBUG o.g.core.machine.SimpleMachine - Context: org.myorg.testautomation.ScanflowTest@33ce57f4
14:26:51.755 [main] DEBUG o.g.core.machine.ExecutionContext - Execute valid_get
get CS_SIGN

[210 CS_SIGN:SS_ON]
14:26:52.273 [main] DEBUG o.g.core.machine.SimpleMachine - Context: org.myorg.testautomation.ScanflowTest@33ce57f4
14:26:52.273 [main] DEBUG o.g.core.machine.ExecutionContext - Execute AS_Open
14:26:52.274 [main] DEBUG o.g.core.machine.SimpleMachine - Context: org.myorg.testautomation.ScanflowTest@33ce57f4
14:26:52.274 [main] DEBUG o.g.core.machine.ExecutionContext - Execute close_acc
close

[230 0,00 Account closed]
14:26:52.792 [main] DEBUG o.g.core.machine.SimpleMachine - Context: org.myorg.testautomation.ScanflowTest@33ce57f4
14:26:52.793 [main] DEBUG o.g.core.machine.ExecutionContext - Execute AS_Closed
14:26:52.793 [main] DEBUG o.g.core.machine.SimpleMachine - Context: org.myorg.testautomation.ScanflowTest@33ce57f4
14:26:52.793 [main] DEBUG o.g.core.machine.ExecutionContext - Execute valid_trans
trans TM_CASH

[240 0,00 Transaction succeeded]
14:26:53.312 [main] DEBUG o.g.core.machine.SimpleMachine - Context: org.myorg.testautomation.ScanflowTest@33ce57f4
14:26:53.312 [main] DEBUG o.g.core.machine.ExecutionContext - Execute AS_Ending
14:26:53.312 [main] DEBUG o.g.core.machine.SimpleMachine - Context: org.myorg.testautomation.ScanflowTest@33ce57f4
14:26:53.312 [main] DEBUG o.g.core.machine.ExecutionContext - Execute state=AS_Ending;
14:26:53.313 [main] DEBUG o.g.core.machine.ExecutionContext - Execute valid_sign_off
signoff

[250 Signed Off]
14:26:53.831 [main] DEBUG o.g.core.machine.SimpleMachine - Context: org.myorg.testautomation.ScanflowTest@33ce57f4
14:26:53.831 [main] DEBUG o.g.core.machine.ExecutionContext - Execute Not_Signed
14:26:53.831 [main] DEBUG o.g.core.machine.SimpleMachine - Context: org.myorg.testautomation.ScanflowTest@33ce57f4
14:26:53.832 [main] DEBUG o.g.core.machine.ExecutionContext - Execute org.graphwalker.core.model.Guard@4f6f13f0 state==AS_Idle
14:26:53.832 [main] DEBUG o.g.core.machine.ExecutionContext - Execute org.graphwalker.core.model.Guard@2e9ab0b3 state==AS_Ending
14:26:53.832 [main] DEBUG o.g.core.machine.ExecutionContext - Execute org.graphwalker.core.model.Guard@6b283550 state==AS_Closed
14:26:53.832 [main] DEBUG o.g.core.machine.ExecutionContext - Execute org.graphwalker.core.model.Guard@2460c928 state==Not_Signed
14:26:53.832 [main] DEBUG o.g.core.machine.ExecutionContext - Execute org.graphwalker.core.model.Guard@13a7aec7 state==AS_Open
14:26:53.832 [main] DEBUG o.g.core.machine.ExecutionContext - Execute valid_art_id
artid 20013226

[550 Not signed on]
14:26:54.351 [main] DEBUG o.g.core.machine.SimpleMachine - Context: org.myorg.testautomation.ScanflowTest@33ce57f4
14:26:54.351 [main] DEBUG o.g.core.machine.ExecutionContext - Execute Not_Signed
14:26:54.352 [main] DEBUG o.g.core.machine.SimpleMachine - Context: org.myorg.testautomation.ScanflowTest@33ce57f4
14:26:54.352 [main] DEBUG o.g.core.machine.ExecutionContext - Execute org.graphwalker.core.model.Guard@4f6f13f0 state==AS_Idle
14:26:54.352 [main] DEBUG o.g.core.machine.ExecutionContext - Execute org.graphwalker.core.model.Guard@2e9ab0b3 state==AS_Ending
14:26:54.352 [main] DEBUG o.g.core.machine.ExecutionContext - Execute org.graphwalker.core.model.Guard@6b283550 state==AS_Closed
14:26:54.352 [main] DEBUG o.g.core.machine.ExecutionContext - Execute org.graphwalker.core.model.Guard@2460c928 state==Not_Signed
14:26:54.352 [main] DEBUG o.g.core.machine.ExecutionContext - Execute org.graphwalker.core.model.Guard@13a7aec7 state==AS_Open
14:26:54.353 [main] DEBUG o.g.core.machine.ExecutionContext - Execute valid_art_id
artid 59922827

[550 Not signed on]
[...]
14:27:42.121 [main] DEBUG o.g.core.machine.ExecutionContext - Execute org.graphwalker.core.model.Guard@4f6f13f0 state==AS_Idle
14:27:42.121 [main] DEBUG o.g.core.machine.ExecutionContext - Execute org.graphwalker.core.model.Guard@2e9ab0b3 state==AS_Ending
14:27:42.121 [main] DEBUG o.g.core.machine.ExecutionContext - Execute org.graphwalker.core.model.Guard@6b283550 state==AS_Closed
14:27:42.121 [main] DEBUG o.g.core.machine.ExecutionContext - Execute org.graphwalker.core.model.Guard@2460c928 state==Not_Signed
14:27:42.121 [main] DEBUG o.g.core.machine.ExecutionContext - Execute org.graphwalker.core.model.Guard@13a7aec7 state==AS_Open
14:27:42.121 [main] DEBUG o.g.core.machine.ExecutionContext - Execute invalid_sign_off
signoff

[550 Not signed on]
14:27:42.639 [main] DEBUG o.g.core.machine.SimpleMachine - Context: org.myorg.testautomation.ScanflowTest@33ce57f4
14:27:42.639 [main] DEBUG o.g.core.machine.ExecutionContext - Execute Not_Signed
14:27:42.640 [main] DEBUG o.g.core.machine.SimpleMachine - Context: org.myorg.testautomation.ScanflowTest@33ce57f4
14:27:42.640 [main] DEBUG o.g.core.machine.ExecutionContext - Execute org.graphwalker.core.model.Guard@4f6f13f0 state==AS_Idle
14:27:42.640 [main] DEBUG o.g.core.machine.ExecutionContext - Execute org.graphwalker.core.model.Guard@2e9ab0b3 state==AS_Ending
14:27:42.640 [main] DEBUG o.g.core.machine.ExecutionContext - Execute org.graphwalker.core.model.Guard@6b283550 state==AS_Closed
14:27:42.640 [main] DEBUG o.g.core.machine.ExecutionContext - Execute org.graphwalker.core.model.Guard@2460c928 state==Not_Signed
14:27:42.640 [main] DEBUG o.g.core.machine.ExecutionContext - Execute org.graphwalker.core.model.Guard@13a7aec7 state==AS_Open
14:27:42.640 [main] DEBUG o.g.core.machine.ExecutionContext - Execute invalid_get
get SI_MODELLL

[510 No such variable]
14:27:43.158 [main] DEBUG o.g.core.machine.SimpleMachine - Context: org.myorg.testautomation.ScanflowTest@33ce57f4
14:27:43.158 [main] DEBUG o.g.core.machine.ExecutionContext - Execute Not_Signed
14:27:43.159 [main] DEBUG o.g.core.machine.SimpleMachine - Context: org.myorg.testautomation.ScanflowTest@33ce57f4
14:27:43.159 [main] DEBUG o.g.core.machine.ExecutionContext - Execute org.graphwalker.core.model.Guard@4f6f13f0 state==AS_Idle
14:27:43.159 [main] DEBUG o.g.core.machine.ExecutionContext - Execute org.graphwalker.core.model.Guard@2e9ab0b3 state==AS_Ending
14:27:43.159 [main] DEBUG o.g.core.machine.ExecutionContext - Execute org.graphwalker.core.model.Guard@6b283550 state==AS_Closed
14:27:43.160 [main] DEBUG o.g.core.machine.ExecutionContext - Execute org.graphwalker.core.model.Guard@2460c928 state==Not_Signed
14:27:43.160 [main] DEBUG o.g.core.machine.ExecutionContext - Execute org.graphwalker.core.model.Guard@13a7aec7 state==AS_Open
14:27:43.160 [main] DEBUG o.g.core.machine.ExecutionContext - Execute invalid_art_id
artid 12313

[550 Not signed on]
14:27:43.678 [main] DEBUG o.g.core.machine.SimpleMachine - Context: org.myorg.testautomation.ScanflowTest@33ce57f4
14:27:43.678 [main] DEBUG o.g.core.machine.ExecutionContext - Execute Not_Signed
14:27:43.679 [main] DEBUG o.g.core.machine.SimpleMachine - Context: org.myorg.testautomation.ScanflowTest@33ce57f4
14:27:43.679 [main] DEBUG o.g.core.machine.ExecutionContext - Execute org.graphwalker.core.model.Guard@4f6f13f0 state==AS_Idle
14:27:43.679 [main] DEBUG o.g.core.machine.ExecutionContext - Execute org.graphwalker.core.model.Guard@2e9ab0b3 state==AS_Ending
14:27:43.679 [main] DEBUG o.g.core.machine.ExecutionContext - Execute org.graphwalker.core.model.Guard@6b283550 state==AS_Closed
14:27:43.679 [main] DEBUG o.g.core.machine.ExecutionContext - Execute org.graphwalker.core.model.Guard@2460c928 state==Not_Signed
14:27:43.679 [main] DEBUG o.g.core.machine.ExecutionContext - Execute org.graphwalker.core.model.Guard@13a7aec7 state==AS_Open
14:27:43.679 [main] DEBUG o.g.core.machine.ExecutionContext - Execute valid_get
get SI_SCRP

[210 SI_SCRP:2.1]
14:27:44.198 [main] DEBUG o.g.core.machine.SimpleMachine - Context: org.myorg.testautomation.ScanflowTest@33ce57f4
14:27:44.198 [main] DEBUG o.g.core.machine.ExecutionContext - Execute Not_Signed
14:27:44.199 [main] DEBUG o.g.core.machine.SimpleMachine - Context: org.myorg.testautomation.ScanflowTest@33ce57f4
14:27:44.199 [main] DEBUG o.g.core.machine.ExecutionContext - Execute org.graphwalker.core.model.Guard@4f6f13f0 state==AS_Idle
14:27:44.199 [main] DEBUG o.g.core.machine.ExecutionContext - Execute org.graphwalker.core.model.Guard@2e9ab0b3 state==AS_Ending
14:27:44.199 [main] DEBUG o.g.core.machine.ExecutionContext - Execute org.graphwalker.core.model.Guard@6b283550 state==AS_Closed
14:27:44.199 [main] DEBUG o.g.core.machine.ExecutionContext - Execute org.graphwalker.core.model.Guard@2460c928 state==Not_Signed
14:27:44.199 [main] DEBUG o.g.core.machine.ExecutionContext - Execute org.graphwalker.core.model.Guard@13a7aec7 state==AS_Open
14:27:44.199 [main] DEBUG o.g.core.machine.ExecutionContext - Execute invalid_art_id
artid 12313

[550 Not signed on]
14:27:44.717 [main] DEBUG o.g.core.machine.SimpleMachine - Context: org.myorg.testautomation.ScanflowTest@33ce57f4
14:27:44.717 [main] DEBUG o.g.core.machine.ExecutionContext - Execute Not_Signed
14:27:44.718 [main] DEBUG o.g.core.machine.SimpleMachine - Context: org.myorg.testautomation.ScanflowTest@33ce57f4
14:27:44.718 [main] DEBUG o.g.core.machine.ExecutionContext - Execute org.graphwalker.core.model.Guard@4f6f13f0 state==AS_Idle
14:27:44.718 [main] DEBUG o.g.core.machine.ExecutionContext - Execute org.graphwalker.core.model.Guard@2e9ab0b3 state==AS_Ending
14:27:44.718 [main] DEBUG o.g.core.machine.ExecutionContext - Execute org.graphwalker.core.model.Guard@6b283550 state==AS_Closed
14:27:44.718 [main] DEBUG o.g.core.machine.ExecutionContext - Execute org.graphwalker.core.model.Guard@2460c928 state==Not_Signed
14:27:44.718 [main] DEBUG o.g.core.machine.ExecutionContext - Execute org.graphwalker.core.model.Guard@13a7aec7 state==AS_Open
14:27:44.719 [main] DEBUG o.g.core.machine.ExecutionContext - Execute valid_get
get LC_FRACT

[210 LC_FRACT:2]
14:27:45.236 [main] DEBUG o.g.core.machine.SimpleMachine - Context: org.myorg.testautomation.ScanflowTest@33ce57f4
14:27:45.237 [main] DEBUG o.g.core.machine.ExecutionContext - Execute Not_Signed
14:27:45.237 [main] DEBUG o.g.core.machine.SimpleMachine - Context: org.myorg.testautomation.ScanflowTest@33ce57f4
14:27:45.237 [main] DEBUG o.g.core.machine.ExecutionContext - Execute org.graphwalker.core.model.Guard@4f6f13f0 state==AS_Idle
14:27:45.237 [main] DEBUG o.g.core.machine.ExecutionContext - Execute org.graphwalker.core.model.Guard@2e9ab0b3 state==AS_Ending
14:27:45.237 [main] DEBUG o.g.core.machine.ExecutionContext - Execute org.graphwalker.core.model.Guard@6b283550 state==AS_Closed
14:27:45.237 [main] DEBUG o.g.core.machine.ExecutionContext - Execute org.graphwalker.core.model.Guard@2460c928 state==Not_Signed
14:27:45.237 [main] DEBUG o.g.core.machine.ExecutionContext - Execute org.graphwalker.core.model.Guard@13a7aec7 state==AS_Open
14:27:45.238 [main] DEBUG o.g.core.machine.ExecutionContext - Execute invalid_sign_off
signoff

[550 Not signed on]
14:27:45.755 [main] DEBUG o.g.core.machine.SimpleMachine - Context: org.myorg.testautomation.ScanflowTest@33ce57f4
14:27:45.756 [main] DEBUG o.g.core.machine.ExecutionContext - Execute Not_Signed
14:27:45.756 [main] DEBUG o.g.core.machine.SimpleMachine - Context: org.myorg.testautomation.ScanflowTest@33ce57f4
14:27:45.756 [main] DEBUG o.g.core.machine.ExecutionContext - Execute org.graphwalker.core.model.Guard@4f6f13f0 state==AS_Idle
14:27:45.756 [main] DEBUG o.g.core.machine.ExecutionContext - Execute org.graphwalker.core.model.Guard@2e9ab0b3 state==AS_Ending
14:27:45.756 [main] DEBUG o.g.core.machine.ExecutionContext - Execute org.graphwalker.core.model.Guard@6b283550 state==AS_Closed
14:27:45.756 [main] DEBUG o.g.core.machine.ExecutionContext - Execute org.graphwalker.core.model.Guard@2460c928 state==Not_Signed
14:27:45.757 [main] DEBUG o.g.core.machine.ExecutionContext - Execute org.graphwalker.core.model.Guard@13a7aec7 state==AS_Open
14:27:45.757 [main] DEBUG o.g.core.machine.ExecutionContext - Execute invalid_get
get SI_MODELLL

[510 No such variable]
14:27:46.275 [main] DEBUG o.g.core.machine.SimpleMachine - Context: org.myorg.testautomation.ScanflowTest@33ce57f4
14:27:46.275 [main] DEBUG o.g.core.machine.ExecutionContext - Execute Not_Signed
14:27:46.275 [main] DEBUG o.g.core.machine.SimpleMachine - Context: org.myorg.testautomation.ScanflowTest@33ce57f4
14:27:46.275 [main] DEBUG o.g.core.machine.ExecutionContext - Execute org.graphwalker.core.model.Guard@4f6f13f0 state==AS_Idle
14:27:46.275 [main] DEBUG o.g.core.machine.ExecutionContext - Execute org.graphwalker.core.model.Guard@2e9ab0b3 state==AS_Ending
14:27:46.276 [main] DEBUG o.g.core.machine.ExecutionContext - Execute org.graphwalker.core.model.Guard@6b283550 state==AS_Closed
14:27:46.276 [main] DEBUG o.g.core.machine.ExecutionContext - Execute org.graphwalker.core.model.Guard@2460c928 state==Not_Signed
14:27:46.276 [main] DEBUG o.g.core.machine.ExecutionContext - Execute org.graphwalker.core.model.Guard@13a7aec7 state==AS_Open
14:27:46.276 [main] DEBUG o.g.core.machine.ExecutionContext - Execute invalid_sign_off
signoff

[550 Not signed on]
14:27:46.794 [main] DEBUG o.g.core.machine.SimpleMachine - Context: org.myorg.testautomation.ScanflowTest@33ce57f4
14:27:46.794 [main] DEBUG o.g.core.machine.ExecutionContext - Execute Not_Signed
14:27:46.794 [main] DEBUG o.g.core.machine.SimpleMachine - Context: org.myorg.testautomation.ScanflowTest@33ce57f4
14:27:46.794 [main] DEBUG o.g.core.machine.ExecutionContext - Execute org.graphwalker.core.model.Guard@4f6f13f0 state==AS_Idle
14:27:46.794 [main] DEBUG o.g.core.machine.ExecutionContext - Execute org.graphwalker.core.model.Guard@2e9ab0b3 state==AS_Ending
14:27:46.794 [main] DEBUG o.g.core.machine.ExecutionContext - Execute org.graphwalker.core.model.Guard@6b283550 state==AS_Closed
14:27:46.794 [main] DEBUG o.g.core.machine.ExecutionContext - Execute org.graphwalker.core.model.Guard@2460c928 state==Not_Signed
14:27:46.795 [main] DEBUG o.g.core.machine.ExecutionContext - Execute org.graphwalker.core.model.Guard@13a7aec7 state==AS_Open
14:27:46.795 [main] DEBUG o.g.core.machine.ExecutionContext - Execute invalid_sign_on
signon 7:81

[551 Authentication failed]
14:27:47.313 [main] DEBUG o.g.core.machine.SimpleMachine - Context: org.myorg.testautomation.ScanflowTest@33ce57f4
14:27:47.313 [main] DEBUG o.g.core.machine.ExecutionContext - Execute Not_Signed
14:27:47.313 [main] DEBUG o.g.core.machine.SimpleMachine - Context: org.myorg.testautomation.ScanflowTest@33ce57f4
14:27:47.313 [main] DEBUG o.g.core.machine.ExecutionContext - Execute org.graphwalker.core.model.Guard@4f6f13f0 state==AS_Idle
14:27:47.313 [main] DEBUG o.g.core.machine.ExecutionContext - Execute org.graphwalker.core.model.Guard@2e9ab0b3 state==AS_Ending
14:27:47.313 [main] DEBUG o.g.core.machine.ExecutionContext - Execute org.graphwalker.core.model.Guard@6b283550 state==AS_Closed
14:27:47.313 [main] DEBUG o.g.core.machine.ExecutionContext - Execute org.graphwalker.core.model.Guard@2460c928 state==Not_Signed
14:27:47.313 [main] DEBUG o.g.core.machine.ExecutionContext - Execute org.graphwalker.core.model.Guard@13a7aec7 state==AS_Open
14:27:47.314 [main] DEBUG o.g.core.machine.ExecutionContext - Execute valid_get
get SI_SCRP

[210 SI_SCRP:2.1]
14:27:47.831 [main] DEBUG o.g.core.machine.SimpleMachine - Context: org.myorg.testautomation.ScanflowTest@33ce57f4
14:27:47.832 [main] DEBUG o.g.core.machine.ExecutionContext - Execute Not_Signed
14:27:47.832 [main] DEBUG o.g.core.machine.SimpleMachine - Context: org.myorg.testautomation.ScanflowTest@33ce57f4
14:27:47.832 [main] DEBUG o.g.core.machine.ExecutionContext - Execute org.graphwalker.core.model.Guard@4f6f13f0 state==AS_Idle
14:27:47.832 [main] DEBUG o.g.core.machine.ExecutionContext - Execute org.graphwalker.core.model.Guard@2e9ab0b3 state==AS_Ending
14:27:47.832 [main] DEBUG o.g.core.machine.ExecutionContext - Execute org.graphwalker.core.model.Guard@6b283550 state==AS_Closed
14:27:47.832 [main] DEBUG o.g.core.machine.ExecutionContext - Execute org.graphwalker.core.model.Guard@2460c928 state==Not_Signed
14:27:47.832 [main] DEBUG o.g.core.machine.ExecutionContext - Execute org.graphwalker.core.model.Guard@13a7aec7 state==AS_Open
14:27:47.832 [main] DEBUG o.g.core.machine.ExecutionContext - Execute valid_sign_on
signon 8:01

[251 Signed On]
14:27:48.350 [main] DEBUG o.g.core.machine.SimpleMachine - Context: org.myorg.testautomation.ScanflowTest@33ce57f4
14:27:48.350 [main] DEBUG o.g.core.machine.ExecutionContext - Execute AS_Idle
14:27:48.352 [main] DEBUG o.g.core.machine.SimpleMachine - Context: org.myorg.testautomation.ScanflowTest@33ce57f4
14:27:48.352 [main] DEBUG o.g.core.machine.ExecutionContext - Execute state=AS_Idle;
14:27:48.353 [main] DEBUG o.g.core.machine.ExecutionContext - Execute valid_sign_off
signoff

[250 Signed Off]
14:27:48.870 [main] DEBUG o.g.core.machine.SimpleMachine - Context: org.myorg.testautomation.ScanflowTest@33ce57f4
14:27:48.870 [main] DEBUG o.g.core.machine.ExecutionContext - Execute Not_Signed
14:27:48.871 [main] DEBUG o.g.core.machine.SimpleMachine - Context: org.myorg.testautomation.ScanflowTest@33ce57f4
14:27:48.871 [main] DEBUG o.g.core.machine.ExecutionContext - Execute org.graphwalker.core.model.Guard@4f6f13f0 state==AS_Idle
14:27:48.871 [main] DEBUG o.g.core.machine.ExecutionContext - Execute org.graphwalker.core.model.Guard@2e9ab0b3 state==AS_Ending
14:27:48.871 [main] DEBUG o.g.core.machine.ExecutionContext - Execute org.graphwalker.core.model.Guard@6b283550 state==AS_Closed
14:27:48.871 [main] DEBUG o.g.core.machine.ExecutionContext - Execute org.graphwalker.core.model.Guard@2460c928 state==Not_Signed
14:27:48.871 [main] DEBUG o.g.core.machine.ExecutionContext - Execute org.graphwalker.core.model.Guard@13a7aec7 state==AS_Open
14:27:48.871 [main] DEBUG o.g.core.machine.ExecutionContext - Execute valid_get
get TC_BANK

[210 TC_BANK:1]
14:27:49.389 [main] DEBUG o.g.core.machine.SimpleMachine - Context: org.myorg.testautomation.ScanflowTest@33ce57f4
14:27:49.389 [main] DEBUG o.g.core.machine.ExecutionContext - Execute Not_Signed
14:27:49.390 [main] DEBUG o.g.core.machine.SimpleMachine - Context: org.myorg.testautomation.ScanflowTest@33ce57f4
14:27:49.390 [main] DEBUG o.g.core.machine.ExecutionContext - Execute org.graphwalker.core.model.Guard@4f6f13f0 state==AS_Idle
14:27:49.390 [main] DEBUG o.g.core.machine.ExecutionContext - Execute org.graphwalker.core.model.Guard@2e9ab0b3 state==AS_Ending
14:27:49.390 [main] DEBUG o.g.core.machine.ExecutionContext - Execute org.graphwalker.core.model.Guard@6b283550 state==AS_Closed
14:27:49.390 [main] DEBUG o.g.core.machine.ExecutionContext - Execute org.graphwalker.core.model.Guard@2460c928 state==Not_Signed
14:27:49.390 [main] DEBUG o.g.core.machine.ExecutionContext - Execute org.graphwalker.core.model.Guard@13a7aec7 state==AS_Open
14:27:49.391 [main] DEBUG o.g.core.machine.ExecutionContext - Execute invalid_get
get SI_MODELLL

[510 No such variable]
14:27:49.908 [main] DEBUG o.g.core.machine.SimpleMachine - Context: org.myorg.testautomation.ScanflowTest@33ce57f4
14:27:49.908 [main] DEBUG o.g.core.machine.ExecutionContext - Execute Not_Signed
14:27:49.909 [main] DEBUG o.g.core.machine.SimpleMachine - Context: org.myorg.testautomation.ScanflowTest@33ce57f4
14:27:49.909 [main] DEBUG o.g.core.machine.ExecutionContext - Execute org.graphwalker.core.model.Guard@4f6f13f0 state==AS_Idle
14:27:49.909 [main] DEBUG o.g.core.machine.ExecutionContext - Execute org.graphwalker.core.model.Guard@2e9ab0b3 state==AS_Ending
14:27:49.909 [main] DEBUG o.g.core.machine.ExecutionContext - Execute org.graphwalker.core.model.Guard@6b283550 state==AS_Closed
14:27:49.909 [main] DEBUG o.g.core.machine.ExecutionContext - Execute org.graphwalker.core.model.Guard@2460c928 state==Not_Signed
14:27:49.909 [main] DEBUG o.g.core.machine.ExecutionContext - Execute org.graphwalker.core.model.Guard@13a7aec7 state==AS_Open
14:27:49.910 [main] DEBUG o.g.core.machine.ExecutionContext - Execute invalid_get
get Invalid

[510 No such variable]
14:27:50.429 [main] DEBUG o.g.core.machine.SimpleMachine - Context: org.myorg.testautomation.ScanflowTest@33ce57f4
14:27:50.429 [main] DEBUG o.g.core.machine.ExecutionContext - Execute Not_Signed
14:27:50.429 [main] DEBUG o.g.core.machine.SimpleMachine - Context: org.myorg.testautomation.ScanflowTest@33ce57f4
14:27:50.430 [main] DEBUG o.g.core.machine.ExecutionContext - Execute org.graphwalker.core.model.Guard@4f6f13f0 state==AS_Idle
14:27:50.430 [main] DEBUG o.g.core.machine.ExecutionContext - Execute org.graphwalker.core.model.Guard@2e9ab0b3 state==AS_Ending
14:27:50.430 [main] DEBUG o.g.core.machine.ExecutionContext - Execute org.graphwalker.core.model.Guard@6b283550 state==AS_Closed
14:27:50.430 [main] DEBUG o.g.core.machine.ExecutionContext - Execute org.graphwalker.core.model.Guard@2460c928 state==Not_Signed
14:27:50.430 [main] DEBUG o.g.core.machine.ExecutionContext - Execute org.graphwalker.core.model.Guard@13a7aec7 state==AS_Open
14:27:50.430 [main] DEBUG o.g.core.machine.ExecutionContext - Execute invalid_sign_on
signon 7:81

[551 Authentication failed]
14:27:50.948 [main] DEBUG o.g.core.machine.SimpleMachine - Context: org.myorg.testautomation.ScanflowTest@33ce57f4
14:27:50.948 [main] DEBUG o.g.core.machine.ExecutionContext - Execute Not_Signed
14:27:50.949 [main] DEBUG o.g.core.machine.SimpleMachine - Context: org.myorg.testautomation.ScanflowTest@33ce57f4
14:27:50.949 [main] DEBUG o.g.core.machine.ExecutionContext - Execute org.graphwalker.core.model.Guard@4f6f13f0 state==AS_Idle
14:27:50.949 [main] DEBUG o.g.core.machine.ExecutionContext - Execute org.graphwalker.core.model.Guard@2e9ab0b3 state==AS_Ending
14:27:50.949 [main] DEBUG o.g.core.machine.ExecutionContext - Execute org.graphwalker.core.model.Guard@6b283550 state==AS_Closed
14:27:50.949 [main] DEBUG o.g.core.machine.ExecutionContext - Execute org.graphwalker.core.model.Guard@2460c928 state==Not_Signed
14:27:50.949 [main] DEBUG o.g.core.machine.ExecutionContext - Execute org.graphwalker.core.model.Guard@13a7aec7 state==AS_Open
14:27:50.949 [main] DEBUG o.g.core.machine.ExecutionContext - Execute valid_art_id
artid 5998386301215

[550 Not signed on]
14:27:51.469 [main] DEBUG o.g.core.machine.SimpleMachine - Context: org.myorg.testautomation.ScanflowTest@33ce57f4
14:27:51.469 [main] DEBUG o.g.core.machine.ExecutionContext - Execute Not_Signed
14:27:51.469 [main] DEBUG o.g.core.machine.SimpleMachine - Context: org.myorg.testautomation.ScanflowTest@33ce57f4
14:27:51.469 [main] DEBUG o.g.core.machine.ExecutionContext - Execute org.graphwalker.core.model.Guard@4f6f13f0 state==AS_Idle
14:27:51.469 [main] DEBUG o.g.core.machine.ExecutionContext - Execute org.graphwalker.core.model.Guard@2e9ab0b3 state==AS_Ending
14:27:51.469 [main] DEBUG o.g.core.machine.ExecutionContext - Execute org.graphwalker.core.model.Guard@6b283550 state==AS_Closed
14:27:51.469 [main] DEBUG o.g.core.machine.ExecutionContext - Execute org.graphwalker.core.model.Guard@2460c928 state==Not_Signed
14:27:51.469 [main] DEBUG o.g.core.machine.ExecutionContext - Execute org.graphwalker.core.model.Guard@13a7aec7 state==AS_Open
14:27:51.470 [main] DEBUG o.g.core.machine.ExecutionContext - Execute valid_get
get PC_SFU

[510 No such variable]
14:27:51.987 [main] DEBUG o.g.core.machine.SimpleMachine - Context: org.myorg.testautomation.ScanflowTest@33ce57f4
14:27:51.987 [main] DEBUG o.g.core.machine.ExecutionContext - Execute Not_Signed
14:27:51.988 [main] ERROR o.g.core.machine.ExecutionContext - null
14:27:51.988 [main] ERROR o.g.core.machine.SimpleMachine - java.lang.AssertionError
14:27:51.988 [main] ERROR o.graphwalker.java.test.TestExecutor - java.lang.AssertionError
</system-out>
  </testcase>
</testsuite>